Displaying
bc:left_up_down_bdc_left_down_qin | objectfunc:right_down | Vforce:0.00000 | delta_x:0.01000 | volfrac:0.30000
Emin:13.33333 | E0:13333.33333 | gamma:0.000000 | tau:0.01000 | lambda:0.50000 | w:5.00000
 It.:    1 ||Obj.:366.697238 ||objxPhy.:202538.008058 ||Vol.:  0.300 ||ch.: 51.200
 It.:    2 ||Obj.: 80.855507 ||objxPhy.:9771.335976 ||Vol.:  0.300 ||ch.: 34.000
 It.:    3 ||Obj.: 54.260549 ||objxPhy.:14151.874598 ||Vol.:  0.300 ||ch.: 24.000
 It.:    4 ||Obj.: 13.770103 ||objxPhy.:3602.826010 ||Vol.:  0.300 ||ch.: 35.000
 It.:    5 ||Obj.:  8.890781 ||objxPhy.:690.980538 ||Vol.:  0.300 ||ch.: 19.000
 It.:    6 ||Obj.:  6.252024 ||objxPhy.:1238.547325 ||Vol.:  0.300 ||ch.: 20.000
 It.:    7 ||Obj.:  1.850022 ||objxPhy.: -1.078301 ||Vol.:  0.300 ||ch.:  9.000
 It.:    8 ||Obj.:  1.651498 ||objxPhy.: -1.318341 ||Vol.:  0.300 ||ch.:  6.000
 It.:    9 ||Obj.:  1.551990 ||objxPhy.: -1.386295 ||Vol.:  0.300 ||ch.:  2.000
 It.:   10 ||Obj.:  1.495279 ||objxPhy.: -1.415629 ||Vol.:  0.300 ||ch.:  2.000
 It.:   11 ||Obj.:  1.455957 ||objxPhy.: -1.424236 ||Vol.:  0.300 ||ch.:  3.000
 It.:   12 ||Obj.:  1.421851 ||objxPhy.: -1.437376 ||Vol.:  0.300 ||ch.:  2.000
 It.:   13 ||Obj.:  1.396857 ||objxPhy.: -1.440794 ||Vol.:  0.300 ||ch.:  2.000
 It.:   14 ||Obj.:  1.374177 ||objxPhy.: -1.452165 ||Vol.:  0.300 ||ch.:  2.000
 It.:   15 ||Obj.:  1.357564 ||objxPhy.: -1.460138 ||Vol.:  0.300 ||ch.:  2.000
 It.:   16 ||Obj.:  1.345320 ||objxPhy.: -1.464667 ||Vol.:  0.300 ||ch.:  2.000
 It.:   17 ||Obj.:  1.334986 ||objxPhy.: -1.464651 ||Vol.:  0.300 ||ch.:  2.000
 It.:   18 ||Obj.:  1.323798 ||objxPhy.: -1.473170 ||Vol.:  0.300 ||ch.:  2.000
 It.:   19 ||Obj.:  1.316283 ||objxPhy.: -1.476287 ||Vol.:  0.300 ||ch.:  1.000
 It.:   20 ||Obj.:  1.310382 ||objxPhy.: -1.479368 ||Vol.:  0.300 ||ch.:  2.000
 It.:   21 ||Obj.:  1.305385 ||objxPhy.: -1.487842 ||Vol.:  0.300 ||ch.:  1.000
 It.:   22 ||Obj.:  1.304281 ||objxPhy.: -1.477445 ||Vol.:  0.300 ||ch.:  1.000
 It.:   23 ||Obj.:  1.300290 ||objxPhy.: -1.481421 ||Vol.:  0.300 ||ch.:  2.000
 It.:   24 ||Obj.:  1.297712 ||objxPhy.: -1.484489 ||Vol.:  0.300 ||ch.:  1.000
 It.:   25 ||Obj.:  1.297036 ||objxPhy.: -1.486264 ||Vol.:  0.300 ||ch.:  0.000
 sharp interface energy:    1.025190
--------------------------------------
--------------------------------------
Displaying
bc:left_up_down_bdc_left_down_qin | objectfunc:right_down | Vforce:0.00000 | delta_x:0.01000 | volfrac:0.30000
Emin:13.33333 | E0:13333.33333 | gamma:0.000000 | tau:0.01000 | lambda:10.00000 | w:5.00000
 It.:    1 ||Obj.:366.697238 ||objxPhy.:188177.293908 ||Vol.:  0.300 ||ch.: 50.400
 It.:    2 ||Obj.: 82.143499 ||objxPhy.:6859.941184 ||Vol.:  0.300 ||ch.: 38.000
 It.:    3 ||Obj.: 50.705028 ||objxPhy.:13392.665656 ||Vol.:  0.300 ||ch.: 26.000
 It.:    4 ||Obj.: 14.669256 ||objxPhy.:2611.600799 ||Vol.:  0.300 ||ch.: 27.000
 It.:    5 ||Obj.: 10.382154 ||objxPhy.:480.251838 ||Vol.:  0.300 ||ch.: 20.000
 It.:    6 ||Obj.:  8.602160 ||objxPhy.:301.161216 ||Vol.:  0.300 ||ch.: 15.000
 It.:    7 ||Obj.:  7.050659 ||objxPhy.:327.511380 ||Vol.:  0.300 ||ch.: 19.000
 It.:    8 ||Obj.:  2.243290 ||objxPhy.:-67.534929 ||Vol.:  0.300 ||ch.:  6.000
 It.:    9 ||Obj.:  1.886962 ||objxPhy.:-61.455927 ||Vol.:  0.300 ||ch.:  7.000
 It.:   10 ||Obj.:  1.751660 ||objxPhy.:-58.758993 ||Vol.:  0.300 ||ch.:  3.000
 It.:   11 ||Obj.:  1.667944 ||objxPhy.:-57.150439 ||Vol.:  0.300 ||ch.:  1.000
 It.:   12 ||Obj.:  1.616846 ||objxPhy.:-56.170457 ||Vol.:  0.300 ||ch.:  2.000
 It.:   13 ||Obj.:  1.575557 ||objxPhy.:-55.375518 ||Vol.:  0.300 ||ch.:  2.000
 It.:   14 ||Obj.:  1.542401 ||objxPhy.:-54.658782 ||Vol.:  0.300 ||ch.:  3.000
 It.:   15 ||Obj.:  1.517793 ||objxPhy.:-54.109420 ||Vol.:  0.300 ||ch.:  2.000
 It.:   16 ||Obj.:  1.490440 ||objxPhy.:-53.571834 ||Vol.:  0.300 ||ch.:  4.000
 It.:   17 ||Obj.:  1.470460 ||objxPhy.:-53.071433 ||Vol.:  0.300 ||ch.:  2.000
 It.:   18 ||Obj.:  1.454455 ||objxPhy.:-52.726932 ||Vol.:  0.300 ||ch.:  2.000
 It.:   19 ||Obj.:  1.448272 ||objxPhy.:-52.527810 ||Vol.:  0.300 ||ch.:  1.000
 It.:   20 ||Obj.:  1.443281 ||objxPhy.:-52.427349 ||Vol.:  0.300 ||ch.:  1.000
 It.:   21 ||Obj.:  1.439744 ||objxPhy.:-52.351792 ||Vol.:  0.300 ||ch.:  1.000
 It.:   22 ||Obj.:  1.438870 ||objxPhy.:-52.298767 ||Vol.:  0.300 ||ch.:  1.000
 It.:   23 ||Obj.:  1.438024 ||objxPhy.:-52.269447 ||Vol.:  0.300 ||ch.:  1.000
 It.:   24 ||Obj.:  1.437356 ||objxPhy.:-52.256170 ||Vol.:  0.300 ||ch.:  1.000
 It.:   25 ||Obj.:  1.436820 ||objxPhy.:-52.240041 ||Vol.:  0.300 ||ch.:  1.000
 It.:   26 ||Obj.:  1.435448 ||objxPhy.:-52.209464 ||Vol.:  0.300 ||ch.:  1.000
 It.:   27 ||Obj.:  1.434513 ||objxPhy.:-52.192504 ||Vol.:  0.300 ||ch.:  1.000
 It.:   28 ||Obj.:  1.431507 ||objxPhy.:-52.155326 ||Vol.:  0.300 ||ch.:  0.000
 sharp interface energy:    1.089365
--------------------------------------
--------------------------------------
Displaying
bc:left_up_down_bdc_left_down_qin | objectfunc:right_down | Vforce:0.00000 | delta_x:0.01000 | volfrac:0.30000
Emin:666.66667 | E0:13333.33333 | gamma:0.000000 | tau:0.01000 | lambda:10.00000 | w:5.00000
 It.:    1 ||Obj.:  7.487892 ||objxPhy.:-204.356291 ||Vol.:  0.300 ||ch.: 52.800
 It.:    2 ||Obj.:  2.119665 ||objxPhy.:-81.902752 ||Vol.:  0.300 ||ch.: 23.000
 It.:    3 ||Obj.:  1.977112 ||objxPhy.:-75.267958 ||Vol.:  0.300 ||ch.: 18.000
 It.:    4 ||Obj.:  1.700073 ||objxPhy.:-62.044623 ||Vol.:  0.300 ||ch.: 20.000
 It.:    5 ||Obj.:  1.228578 ||objxPhy.:-44.460688 ||Vol.:  0.300 ||ch.: 20.000
 It.:    6 ||Obj.:  1.155270 ||objxPhy.:-42.603998 ||Vol.:  0.300 ||ch.: 10.000
 It.:    7 ||Obj.:  1.112559 ||objxPhy.:-41.353054 ||Vol.:  0.300 ||ch.: 10.000
 It.:    8 ||Obj.:  1.052126 ||objxPhy.:-40.181851 ||Vol.:  0.300 ||ch.:  5.000
 It.:    9 ||Obj.:  1.022753 ||objxPhy.:-39.458938 ||Vol.:  0.300 ||ch.:  5.000
 It.:   10 ||Obj.:  1.009904 ||objxPhy.:-39.076898 ||Vol.:  0.300 ||ch.:  6.000
 It.:   11 ||Obj.:  1.000548 ||objxPhy.:-38.772051 ||Vol.:  0.300 ||ch.:  4.000
 It.:   12 ||Obj.:  0.993706 ||objxPhy.:-38.552610 ||Vol.:  0.300 ||ch.:  3.000
 It.:   13 ||Obj.:  0.988237 ||objxPhy.:-38.376378 ||Vol.:  0.300 ||ch.:  3.000
 It.:   14 ||Obj.:  0.984197 ||objxPhy.:-38.240549 ||Vol.:  0.300 ||ch.:  3.000
 It.:   15 ||Obj.:  0.980939 ||objxPhy.:-38.141340 ||Vol.:  0.300 ||ch.:  3.000
 It.:   16 ||Obj.:  0.977305 ||objxPhy.:-38.038871 ||Vol.:  0.300 ||ch.:  2.000
 It.:   17 ||Obj.:  0.974968 ||objxPhy.:-37.969635 ||Vol.:  0.300 ||ch.:  3.000
 It.:   18 ||Obj.:  0.972532 ||objxPhy.:-37.888967 ||Vol.:  0.300 ||ch.:  2.000
 It.:   19 ||Obj.:  0.970545 ||objxPhy.:-37.833451 ||Vol.:  0.300 ||ch.:  2.000
 It.:   20 ||Obj.:  0.968833 ||objxPhy.:-37.781655 ||Vol.:  0.300 ||ch.:  3.000
 It.:   21 ||Obj.:  0.967130 ||objxPhy.:-37.731048 ||Vol.:  0.300 ||ch.:  2.000
 It.:   22 ||Obj.:  0.965600 ||objxPhy.:-37.690235 ||Vol.:  0.300 ||ch.:  2.000
 It.:   23 ||Obj.:  0.964372 ||objxPhy.:-37.658672 ||Vol.:  0.300 ||ch.:  2.000
 It.:   24 ||Obj.:  0.963297 ||objxPhy.:-37.627176 ||Vol.:  0.300 ||ch.:  2.000
 It.:   25 ||Obj.:  0.962388 ||objxPhy.:-37.592889 ||Vol.:  0.300 ||ch.:  3.000
 It.:   26 ||Obj.:  0.961475 ||objxPhy.:-37.556450 ||Vol.:  0.300 ||ch.:  2.000
 It.:   27 ||Obj.:  0.960458 ||objxPhy.:-37.512178 ||Vol.:  0.300 ||ch.:  3.000
 It.:   28 ||Obj.:  0.959579 ||objxPhy.:-37.483543 ||Vol.:  0.300 ||ch.:  2.000
 It.:   29 ||Obj.:  0.958730 ||objxPhy.:-37.454892 ||Vol.:  0.300 ||ch.:  3.000
 It.:   30 ||Obj.:  0.957814 ||objxPhy.:-37.421575 ||Vol.:  0.300 ||ch.:  2.000
 It.:   31 ||Obj.:  0.956618 ||objxPhy.:-37.396278 ||Vol.:  0.300 ||ch.:  2.000
 It.:   32 ||Obj.:  0.955459 ||objxPhy.:-37.364845 ||Vol.:  0.300 ||ch.:  2.000
 It.:   33 ||Obj.:  0.954444 ||objxPhy.:-37.337394 ||Vol.:  0.300 ||ch.:  2.000
 It.:   34 ||Obj.:  0.953072 ||objxPhy.:-37.308385 ||Vol.:  0.300 ||ch.:  2.000
 It.:   35 ||Obj.:  0.951840 ||objxPhy.:-37.290418 ||Vol.:  0.300 ||ch.:  2.000
 It.:   36 ||Obj.:  0.951329 ||objxPhy.:-37.280071 ||Vol.:  0.300 ||ch.:  2.000
 It.:   37 ||Obj.:  0.950912 ||objxPhy.:-37.277072 ||Vol.:  0.300 ||ch.:  1.000
 It.:   38 ||Obj.:  0.950631 ||objxPhy.:-37.278954 ||Vol.:  0.300 ||ch.:  1.000
 It.:   39 ||Obj.:  0.950468 ||objxPhy.:-37.285159 ||Vol.:  0.300 ||ch.:  1.000
 It.:   40 ||Obj.:  0.950360 ||objxPhy.:-37.285651 ||Vol.:  0.300 ||ch.:  1.000
 It.:   41 ||Obj.:  0.950323 ||objxPhy.:-37.285261 ||Vol.:  0.300 ||ch.:  1.000
 It.:   42 ||Obj.:  0.950288 ||objxPhy.:-37.287665 ||Vol.:  0.300 ||ch.:  1.000
 It.:   43 ||Obj.:  0.950256 ||objxPhy.:-37.291733 ||Vol.:  0.300 ||ch.:  1.000
 It.:   44 ||Obj.:  0.950195 ||objxPhy.:-37.292133 ||Vol.:  0.300 ||ch.:  1.000
 It.:   45 ||Obj.:  0.950165 ||objxPhy.:-37.294315 ||Vol.:  0.300 ||ch.:  1.000
 It.:   46 ||Obj.:  0.950061 ||objxPhy.:-37.295498 ||Vol.:  0.300 ||ch.:  1.000
 It.:   47 ||Obj.:  0.949955 ||objxPhy.:-37.301545 ||Vol.:  0.300 ||ch.:  1.000
 It.:   48 ||Obj.:  0.949876 ||objxPhy.:-37.302598 ||Vol.:  0.300 ||ch.:  1.000
 It.:   49 ||Obj.:  0.949760 ||objxPhy.:-37.309573 ||Vol.:  0.300 ||ch.:  1.000
 It.:   50 ||Obj.:  0.949598 ||objxPhy.:-37.312209 ||Vol.:  0.300 ||ch.:  1.000
 It.:   51 ||Obj.:  0.949468 ||objxPhy.:-37.315381 ||Vol.:  0.300 ||ch.:  1.000
 It.:   52 ||Obj.:  0.949407 ||objxPhy.:-37.319182 ||Vol.:  0.300 ||ch.:  1.000
 It.:   53 ||Obj.:  0.949372 ||objxPhy.:-37.324908 ||Vol.:  0.300 ||ch.:  1.000
 It.:   54 ||Obj.:  0.949341 ||objxPhy.:-37.327345 ||Vol.:  0.300 ||ch.:  0.000
 sharp interface energy:    0.857823
--------------------------------------
--------------------------------------
Displaying
bc:left_up_down_bdc_left_down_qin | objectfunc:right_down | Vforce:0.00000 | delta_x:0.01000 | volfrac:0.30000
Emin:133.33333 | E0:13333.33333 | gamma:0.000000 | tau:0.01000 | lambda:10.00000 | w:5.00000
 It.:    1 ||Obj.:  1.084381 ||objxPhy.:-44.907378 ||Vol.:  0.300 ||ch.:  8.000
 It.:    2 ||Obj.:  1.037946 ||objxPhy.:-48.892160 ||Vol.:  0.300 ||ch.:  5.000
 It.:    3 ||Obj.:  1.017943 ||objxPhy.:-50.687379 ||Vol.:  0.300 ||ch.:  3.000
 It.:    4 ||Obj.:  1.002689 ||objxPhy.:-50.366909 ||Vol.:  0.300 ||ch.:  2.000
 It.:    5 ||Obj.:  0.993655 ||objxPhy.:-49.753622 ||Vol.:  0.300 ||ch.:  2.000
 It.:    6 ||Obj.:  0.987777 ||objxPhy.:-50.071277 ||Vol.:  0.300 ||ch.:  2.000
 It.:    7 ||Obj.:  0.983525 ||objxPhy.:-49.874319 ||Vol.:  0.300 ||ch.:  2.000
 It.:    8 ||Obj.:  0.980390 ||objxPhy.:-50.497661 ||Vol.:  0.300 ||ch.:  2.000
 It.:    9 ||Obj.:  0.976867 ||objxPhy.:-50.092785 ||Vol.:  0.300 ||ch.:  2.000
 It.:   10 ||Obj.:  0.975367 ||objxPhy.:-51.000635 ||Vol.:  0.300 ||ch.:  1.000
 It.:   11 ||Obj.:  0.972355 ||objxPhy.:-50.861538 ||Vol.:  0.300 ||ch.:  1.000
 It.:   12 ||Obj.:  0.969722 ||objxPhy.:-50.933382 ||Vol.:  0.300 ||ch.:  2.000
 It.:   13 ||Obj.:  0.966874 ||objxPhy.:-51.097505 ||Vol.:  0.300 ||ch.:  1.000
 It.:   14 ||Obj.:  0.965320 ||objxPhy.:-51.137628 ||Vol.:  0.300 ||ch.:  1.000
 It.:   15 ||Obj.:  0.964248 ||objxPhy.:-51.166287 ||Vol.:  0.300 ||ch.:  1.000
 It.:   16 ||Obj.:  0.963820 ||objxPhy.:-51.207496 ||Vol.:  0.300 ||ch.:  2.000
 It.:   17 ||Obj.:  0.963172 ||objxPhy.:-51.229361 ||Vol.:  0.300 ||ch.:  1.000
 It.:   18 ||Obj.:  0.962860 ||objxPhy.:-51.260107 ||Vol.:  0.300 ||ch.:  1.000
 It.:   19 ||Obj.:  0.962754 ||objxPhy.:-51.257958 ||Vol.:  0.300 ||ch.:  0.000
 sharp interface energy:    0.800127
--------------------------------------
--------------------------------------
Displaying
bc:left_up_down_bdc_left_down_qin | objectfunc:right_down | Vforce:0.00000 | delta_x:0.01000 | volfrac:0.30000
Emin:66.66667 | E0:13333.33333 | gamma:0.000000 | tau:0.01000 | lambda:10.00000 | w:5.00000
 It.:    1 ||Obj.:  0.849634 ||objxPhy.:-57.124599 ||Vol.:  0.300 ||ch.:  6.000
 It.:    2 ||Obj.:  0.826078 ||objxPhy.:-73.557087 ||Vol.:  0.300 ||ch.:  4.000
 It.:    3 ||Obj.:  0.790055 ||objxPhy.:-70.243916 ||Vol.:  0.300 ||ch.:  2.000
 It.:    4 ||Obj.:  0.783697 ||objxPhy.:-68.972692 ||Vol.:  0.300 ||ch.:  2.000
 It.:    5 ||Obj.:  0.780747 ||objxPhy.:-68.985285 ||Vol.:  0.300 ||ch.:  2.000
 It.:    6 ||Obj.:  0.778784 ||objxPhy.:-69.676860 ||Vol.:  0.300 ||ch.:  2.000
 It.:    7 ||Obj.:  0.777217 ||objxPhy.:-68.932530 ||Vol.:  0.300 ||ch.:  2.000
 It.:    8 ||Obj.:  0.775578 ||objxPhy.:-70.585728 ||Vol.:  0.300 ||ch.:  2.000
 It.:    9 ||Obj.:  0.773361 ||objxPhy.:-69.762290 ||Vol.:  0.300 ||ch.:  1.000
 It.:   10 ||Obj.:  0.772720 ||objxPhy.:-69.769701 ||Vol.:  0.300 ||ch.:  1.000
 It.:   11 ||Obj.:  0.771934 ||objxPhy.:-69.776891 ||Vol.:  0.300 ||ch.:  1.000
 It.:   12 ||Obj.:  0.771327 ||objxPhy.:-69.804449 ||Vol.:  0.300 ||ch.:  1.000
 It.:   13 ||Obj.:  0.770427 ||objxPhy.:-69.822628 ||Vol.:  0.300 ||ch.:  1.000
 It.:   14 ||Obj.:  0.769423 ||objxPhy.:-69.827938 ||Vol.:  0.300 ||ch.:  1.000
 It.:   15 ||Obj.:  0.768558 ||objxPhy.:-69.841499 ||Vol.:  0.300 ||ch.:  2.000
 It.:   16 ||Obj.:  0.767574 ||objxPhy.:-69.855251 ||Vol.:  0.300 ||ch.:  1.000
 It.:   17 ||Obj.:  0.766796 ||objxPhy.:-69.869458 ||Vol.:  0.300 ||ch.:  2.000
 It.:   18 ||Obj.:  0.766303 ||objxPhy.:-69.876987 ||Vol.:  0.300 ||ch.:  1.000
 It.:   19 ||Obj.:  0.766049 ||objxPhy.:-69.882480 ||Vol.:  0.300 ||ch.:  1.000
 It.:   20 ||Obj.:  0.765939 ||objxPhy.:-69.880730 ||Vol.:  0.300 ||ch.:  1.000
 It.:   21 ||Obj.:  0.765821 ||objxPhy.:-69.883875 ||Vol.:  0.300 ||ch.:  1.000
 It.:   22 ||Obj.:  0.765566 ||objxPhy.:-69.891674 ||Vol.:  0.300 ||ch.:  1.000
 It.:   23 ||Obj.:  0.765299 ||objxPhy.:-69.893992 ||Vol.:  0.300 ||ch.:  1.000
 It.:   24 ||Obj.:  0.764890 ||objxPhy.:-69.892503 ||Vol.:  0.300 ||ch.:  1.000
 It.:   25 ||Obj.:  0.764762 ||objxPhy.:-69.894724 ||Vol.:  0.300 ||ch.:  1.000
 It.:   26 ||Obj.:  0.764642 ||objxPhy.:-69.897469 ||Vol.:  0.300 ||ch.:  1.000
 It.:   27 ||Obj.:  0.764516 ||objxPhy.:-69.901742 ||Vol.:  0.300 ||ch.:  1.000
 It.:   28 ||Obj.:  0.764369 ||objxPhy.:-69.903436 ||Vol.:  0.300 ||ch.:  1.000
 It.:   29 ||Obj.:  0.764242 ||objxPhy.:-69.909638 ||Vol.:  0.300 ||ch.:  0.000
 sharp interface energy:    0.628707
--------------------------------------
--------------------------------------
Displaying
bc:left_up_down_bdc_left_down_qin | objectfunc:right_down | Vforce:0.00000 | delta_x:0.01000 | volfrac:0.30000
Emin:13.33333 | E0:13333.33333 | gamma:0.000000 | tau:0.01000 | lambda:10.00000 | w:5.00000
 It.:    1 ||Obj.: -0.418588 ||objxPhy.:-113.667642 ||Vol.:  0.284 ||ch.: 33.000
 It.:    2 ||Obj.: 85.370294 ||objxPhy.:57076.414160 ||Vol.:  0.300 ||ch.: 49.000
 It.:    3 ||Obj.:  1.345670 ||objxPhy.:-80.605505 ||Vol.:  0.300 ||ch.: 39.000
 It.:    4 ||Obj.:  1.738647 ||objxPhy.:-159.434430 ||Vol.:  0.300 ||ch.: 51.000
 It.:    5 ||Obj.: 23.970036 ||objxPhy.:17588.422871 ||Vol.:  0.300 ||ch.: 51.000
 It.:    6 ||Obj.:  3.690897 ||objxPhy.:-18.036196 ||Vol.:  0.300 ||ch.: 53.000
 It.:    7 ||Obj.:  5.902561 ||objxPhy.:1396.587143 ||Vol.:  0.300 ||ch.: 30.000
 It.:    8 ||Obj.:  1.968386 ||objxPhy.:-100.085322 ||Vol.:  0.300 ||ch.: 56.000
 It.:    9 ||Obj.:  7.238120 ||objxPhy.:1837.162908 ||Vol.:  0.300 ||ch.: 26.000
 It.:   10 ||Obj.:  4.930319 ||objxPhy.:111.358162 ||Vol.:  0.293 ||ch.: 62.000
 It.:   11 ||Obj.: 23.122918 ||objxPhy.:14772.827013 ||Vol.:  0.300 ||ch.: 50.000
 It.:   12 ||Obj.: 20.319522 ||objxPhy.:5871.656114 ||Vol.:  0.300 ||ch.: 72.000
 It.:   13 ||Obj.:  6.354569 ||objxPhy.:1912.112173 ||Vol.:  0.300 ||ch.: 35.000
 It.:   14 ||Obj.: 65.795440 ||objxPhy.:53887.261614 ||Vol.:  0.300 ||ch.: 86.000
 It.:   15 ||Obj.: 10.759029 ||objxPhy.:4315.261977 ||Vol.:  0.300 ||ch.: 65.000
 It.:   16 ||Obj.: 81.089050 ||objxPhy.:73909.916237 ||Vol.:  0.300 ||ch.: 61.000
 It.:   17 ||Obj.: 15.243601 ||objxPhy.:9125.010923 ||Vol.:  0.300 ||ch.: 80.000
 It.:   18 ||Obj.:118.586508 ||objxPhy.:109538.068907 ||Vol.:  0.282 ||ch.: 82.000
 It.:   19 ||Obj.: 10.905345 ||objxPhy.:2605.567462 ||Vol.:  0.300 ||ch.: 45.000
 It.:   20 ||Obj.:  1.371691 ||objxPhy.:-129.702451 ||Vol.:  0.259 ||ch.: 83.000
 It.:   21 ||Obj.: 13.599208 ||objxPhy.:9715.581082 ||Vol.:  0.300 ||ch.: 51.000
 It.:   22 ||Obj.:  8.274022 ||objxPhy.:1088.235503 ||Vol.:  0.300 ||ch.: 78.000
 It.:   23 ||Obj.:  7.709604 ||objxPhy.:2637.314813 ||Vol.:  0.300 ||ch.: 41.000
 It.:   24 ||Obj.:  1.259664 ||objxPhy.:-167.052567 ||Vol.:  0.299 ||ch.: 39.000
 It.:   25 ||Obj.:  6.353645 ||objxPhy.:3497.096193 ||Vol.:  0.300 ||ch.: 38.000
 It.:   26 ||Obj.: 25.212194 ||objxPhy.:4249.746280 ||Vol.:  0.300 ||ch.: 26.000
 It.:   27 ||Obj.:  2.761072 ||objxPhy.:-138.748552 ||Vol.:  0.300 ||ch.: 56.000
 It.:   28 ||Obj.:  5.062029 ||objxPhy.:1128.017564 ||Vol.:  0.300 ||ch.: 36.000
 It.:   29 ||Obj.: 21.748126 ||objxPhy.:3722.636241 ||Vol.:  0.300 ||ch.: 87.000
 It.:   30 ||Obj.: 17.950687 ||objxPhy.:11070.038018 ||Vol.:  0.300 ||ch.: 65.000
 It.:   31 ||Obj.: 93.529937 ||objxPhy.:85354.433263 ||Vol.:  0.300 ||ch.: 53.000
 It.:   32 ||Obj.:  3.573036 ||objxPhy.:574.348790 ||Vol.:  0.300 ||ch.: 43.000
 It.:   33 ||Obj.: 95.437770 ||objxPhy.:87254.302022 ||Vol.:  0.300 ||ch.: 72.000
 It.:   34 ||Obj.: 23.785114 ||objxPhy.:17390.352373 ||Vol.:  0.300 ||ch.: 61.000
 It.:   35 ||Obj.: 85.888560 ||objxPhy.:77487.510015 ||Vol.:  0.300 ||ch.: 63.000
 It.:   36 ||Obj.:  7.040501 ||objxPhy.:970.567234 ||Vol.:  0.300 ||ch.: 44.000
 It.:   37 ||Obj.: 88.184945 ||objxPhy.:81224.662892 ||Vol.:  0.300 ||ch.: 51.000
 It.:   38 ||Obj.: 40.334203 ||objxPhy.:14038.990272 ||Vol.:  0.300 ||ch.: 35.000
 It.:   39 ||Obj.:  1.233140 ||objxPhy.:-191.279036 ||Vol.:  0.300 ||ch.: 57.000
 It.:   40 ||Obj.: 28.918221 ||objxPhy.:18124.466515 ||Vol.:  0.300 ||ch.: 37.000
 It.:   41 ||Obj.: 19.854234 ||objxPhy.:3584.612617 ||Vol.:  0.300 ||ch.: 58.000
 It.:   42 ||Obj.:  3.637307 ||objxPhy.:1113.138296 ||Vol.:  0.300 ||ch.: 50.000
 It.:   43 ||Obj.:  1.354558 ||objxPhy.:-194.045369 ||Vol.:  0.300 ||ch.: 58.000
 It.:   44 ||Obj.: 17.029137 ||objxPhy.:14457.641571 ||Vol.:  0.300 ||ch.: 46.000
 It.:   45 ||Obj.: 49.379051 ||objxPhy.:20471.920359 ||Vol.:  0.300 ||ch.: 62.000
 It.:   46 ||Obj.: 14.569190 ||objxPhy.:5471.334232 ||Vol.:  0.300 ||ch.: 43.000
 It.:   47 ||Obj.:  6.295318 ||objxPhy.:1494.106699 ||Vol.:  0.300 ||ch.: 34.000
 It.:   48 ||Obj.:  2.491768 ||objxPhy.:-105.666327 ||Vol.:  0.300 ||ch.: 56.000
 It.:   49 ||Obj.:  1.221233 ||objxPhy.:-109.898206 ||Vol.:  0.262 ||ch.: 49.000
 It.:   50 ||Obj.:  8.352652 ||objxPhy.:3347.602929 ||Vol.:  0.300 ||ch.: 36.000
 It.:   51 ||Obj.:  1.238920 ||objxPhy.:-139.135242 ||Vol.:  0.280 ||ch.: 47.000
 It.:   52 ||Obj.: 21.260930 ||objxPhy.:17695.967738 ||Vol.:  0.300 ||ch.: 45.000
 It.:   53 ||Obj.: 14.363839 ||objxPhy.:1372.524260 ||Vol.:  0.300 ||ch.: 59.000
 It.:   54 ||Obj.: 10.387575 ||objxPhy.:2776.254192 ||Vol.:  0.300 ||ch.: 40.000
 It.:   55 ||Obj.:  1.513081 ||objxPhy.:-106.789771 ||Vol.:  0.268 ||ch.: 49.000
 It.:   56 ||Obj.: 17.715276 ||objxPhy.:9591.797445 ||Vol.:  0.300 ||ch.: 52.000
 It.:   57 ||Obj.:  2.146436 ||objxPhy.:-171.380460 ||Vol.:  0.300 ||ch.: 59.000
 It.:   58 ||Obj.:  8.164748 ||objxPhy.:3775.984991 ||Vol.:  0.300 ||ch.: 42.000
 It.:   59 ||Obj.: 14.174866 ||objxPhy.:6010.672437 ||Vol.:  0.300 ||ch.: 62.000
 It.:   60 ||Obj.: 26.410367 ||objxPhy.:18689.053302 ||Vol.:  0.300 ||ch.: 57.000
 It.:   61 ||Obj.:  1.258178 ||objxPhy.:-161.782817 ||Vol.:  0.300 ||ch.: 43.000
 It.:   62 ||Obj.:  0.463438 ||objxPhy.:-176.049254 ||Vol.:  0.282 ||ch.: 50.000
 It.:   63 ||Obj.: 13.884976 ||objxPhy.:4157.407165 ||Vol.:  0.300 ||ch.: 46.000
 It.:   64 ||Obj.:  4.053509 ||objxPhy.:256.052400 ||Vol.:  0.300 ||ch.: 45.000
 It.:   65 ||Obj.: 19.275432 ||objxPhy.:14771.418503 ||Vol.:  0.300 ||ch.: 35.000
 It.:   66 ||Obj.:  2.619880 ||objxPhy.:-190.449252 ||Vol.:  0.300 ||ch.: 51.000
 It.:   67 ||Obj.: 13.611587 ||objxPhy.:4992.451911 ||Vol.:  0.300 ||ch.: 45.000
 It.:   68 ||Obj.:  1.894066 ||objxPhy.:-138.667362 ||Vol.:  0.300 ||ch.: 41.000
 It.:   69 ||Obj.:  8.136534 ||objxPhy.:852.251820 ||Vol.:  0.300 ||ch.: 32.000
 It.:   70 ||Obj.:  1.233397 ||objxPhy.:-187.812433 ||Vol.:  0.265 ||ch.: 53.000
 It.:   71 ||Obj.:  4.954374 ||objxPhy.:1189.380902 ||Vol.:  0.300 ||ch.: 52.000
 It.:   72 ||Obj.: 10.001682 ||objxPhy.:841.343247 ||Vol.:  0.300 ||ch.: 44.000
 It.:   73 ||Obj.: 25.587139 ||objxPhy.:14075.416250 ||Vol.:  0.300 ||ch.: 41.000
 It.:   74 ||Obj.:  0.763481 ||objxPhy.:-166.915819 ||Vol.:  0.287 ||ch.: 30.000
 It.:   75 ||Obj.: 28.074678 ||objxPhy.:9802.523698 ||Vol.:  0.300 ||ch.: 29.000
 It.:   76 ||Obj.:  1.119737 ||objxPhy.:-143.143957 ||Vol.:  0.280 ||ch.: 30.000
 It.:   77 ||Obj.:  8.735145 ||objxPhy.:633.629581 ||Vol.:  0.300 ||ch.: 35.000
 It.:   78 ||Obj.: 19.601927 ||objxPhy.:6727.602935 ||Vol.:  0.300 ||ch.: 33.000
 It.:   79 ||Obj.:  2.155181 ||objxPhy.:-148.955412 ||Vol.:  0.300 ||ch.: 38.000
 It.:   80 ||Obj.: 33.848094 ||objxPhy.:14621.941545 ||Vol.:  0.300 ||ch.: 36.000
 It.:   81 ||Obj.:  3.483928 ||objxPhy.:824.823802 ||Vol.:  0.300 ||ch.: 68.000
 It.:   82 ||Obj.: 14.944326 ||objxPhy.:10371.478608 ||Vol.:  0.300 ||ch.: 49.000
 It.:   83 ||Obj.: 18.215115 ||objxPhy.:4161.351653 ||Vol.:  0.300 ||ch.: 34.000
 It.:   84 ||Obj.:  2.678164 ||objxPhy.:-129.799878 ||Vol.:  0.300 ||ch.: 47.000
 It.:   85 ||Obj.:  2.980321 ||objxPhy.:-105.189038 ||Vol.:  0.300 ||ch.: 74.000
 It.:   86 ||Obj.: 10.538459 ||objxPhy.:3705.685161 ||Vol.:  0.300 ||ch.: 34.000
 It.:   87 ||Obj.:  2.097691 ||objxPhy.:-192.522416 ||Vol.:  0.278 ||ch.: 40.000
 It.:   88 ||Obj.: 24.898620 ||objxPhy.:16048.098040 ||Vol.:  0.300 ||ch.: 47.000
Displaying
bc:left_up_down_bdc_left_down_qin | objectfunc:right_down | Vforce:0.00000 | delta_x:0.01000 | volfrac:0.30000
Emin:666.66667 | E0:13333.33333 | gamma:0.000000 | tau:0.01000 | lambda:10.00000 | w:5.00000
 It.:    1 ||Obj.:  7.487892 ||objxPhy.:-204.356291 ||Vol.:  0.300 ||ch.: 52.800
 It.:    2 ||Obj.:  2.119665 ||objxPhy.:-81.902752 ||Vol.:  0.300 ||ch.: 23.000
 It.:    3 ||Obj.:  1.977112 ||objxPhy.:-75.267958 ||Vol.:  0.300 ||ch.: 18.000
 It.:    4 ||Obj.:  1.700073 ||objxPhy.:-62.044623 ||Vol.:  0.300 ||ch.: 20.000
 It.:    5 ||Obj.:  1.228578 ||objxPhy.:-44.460688 ||Vol.:  0.300 ||ch.: 20.000
 It.:    6 ||Obj.:  1.155270 ||objxPhy.:-42.603998 ||Vol.:  0.300 ||ch.: 10.000
 It.:    7 ||Obj.:  1.112559 ||objxPhy.:-41.353054 ||Vol.:  0.300 ||ch.: 10.000
 It.:    8 ||Obj.:  1.052126 ||objxPhy.:-40.181851 ||Vol.:  0.300 ||ch.:  5.000
 It.:    9 ||Obj.:  1.022753 ||objxPhy.:-39.458938 ||Vol.:  0.300 ||ch.:  5.000
 It.:   10 ||Obj.:  1.009904 ||objxPhy.:-39.076898 ||Vol.:  0.300 ||ch.:  6.000
 It.:   11 ||Obj.:  1.000548 ||objxPhy.:-38.772051 ||Vol.:  0.300 ||ch.:  4.000
 It.:   12 ||Obj.:  0.993706 ||objxPhy.:-38.552610 ||Vol.:  0.300 ||ch.:  3.000
 It.:   13 ||Obj.:  0.988237 ||objxPhy.:-38.376378 ||Vol.:  0.300 ||ch.:  3.000
 It.:   14 ||Obj.:  0.984197 ||objxPhy.:-38.240549 ||Vol.:  0.300 ||ch.:  3.000
 It.:   15 ||Obj.:  0.980939 ||objxPhy.:-38.141340 ||Vol.:  0.300 ||ch.:  3.000
 It.:   16 ||Obj.:  0.977305 ||objxPhy.:-38.038871 ||Vol.:  0.300 ||ch.:  2.000
 It.:   17 ||Obj.:  0.974968 ||objxPhy.:-37.969635 ||Vol.:  0.300 ||ch.:  3.000
 It.:   18 ||Obj.:  0.972532 ||objxPhy.:-37.888967 ||Vol.:  0.300 ||ch.:  2.000
 It.:   19 ||Obj.:  0.970545 ||objxPhy.:-37.833451 ||Vol.:  0.300 ||ch.:  2.000
 It.:   20 ||Obj.:  0.968833 ||objxPhy.:-37.781655 ||Vol.:  0.300 ||ch.:  3.000
 It.:   21 ||Obj.:  0.967130 ||objxPhy.:-37.731048 ||Vol.:  0.300 ||ch.:  2.000
 It.:   22 ||Obj.:  0.965600 ||objxPhy.:-37.690235 ||Vol.:  0.300 ||ch.:  2.000
 It.:   23 ||Obj.:  0.964372 ||objxPhy.:-37.658672 ||Vol.:  0.300 ||ch.:  2.000
 It.:   24 ||Obj.:  0.963297 ||objxPhy.:-37.627176 ||Vol.:  0.300 ||ch.:  2.000
 It.:   25 ||Obj.:  0.962388 ||objxPhy.:-37.592889 ||Vol.:  0.300 ||ch.:  3.000
 It.:   26 ||Obj.:  0.961475 ||objxPhy.:-37.556450 ||Vol.:  0.300 ||ch.:  2.000
 It.:   27 ||Obj.:  0.960458 ||objxPhy.:-37.512178 ||Vol.:  0.300 ||ch.:  3.000
 It.:   28 ||Obj.:  0.959579 ||objxPhy.:-37.483543 ||Vol.:  0.300 ||ch.:  2.000
 It.:   29 ||Obj.:  0.958730 ||objxPhy.:-37.454892 ||Vol.:  0.300 ||ch.:  3.000
 It.:   30 ||Obj.:  0.957814 ||objxPhy.:-37.421575 ||Vol.:  0.300 ||ch.:  2.000
 It.:   31 ||Obj.:  0.956618 ||objxPhy.:-37.396278 ||Vol.:  0.300 ||ch.:  2.000
 It.:   32 ||Obj.:  0.955459 ||objxPhy.:-37.364845 ||Vol.:  0.300 ||ch.:  2.000
 It.:   33 ||Obj.:  0.954444 ||objxPhy.:-37.337394 ||Vol.:  0.300 ||ch.:  2.000
 It.:   34 ||Obj.:  0.953072 ||objxPhy.:-37.308385 ||Vol.:  0.300 ||ch.:  2.000
 It.:   35 ||Obj.:  0.951840 ||objxPhy.:-37.290418 ||Vol.:  0.300 ||ch.:  2.000
 It.:   36 ||Obj.:  0.951329 ||objxPhy.:-37.280071 ||Vol.:  0.300 ||ch.:  2.000
 It.:   37 ||Obj.:  0.950912 ||objxPhy.:-37.277072 ||Vol.:  0.300 ||ch.:  1.000
 It.:   38 ||Obj.:  0.950631 ||objxPhy.:-37.278954 ||Vol.:  0.300 ||ch.:  1.000
 It.:   39 ||Obj.:  0.950468 ||objxPhy.:-37.285159 ||Vol.:  0.300 ||ch.:  1.000
 It.:   40 ||Obj.:  0.950360 ||objxPhy.:-37.285651 ||Vol.:  0.300 ||ch.:  1.000
 It.:   41 ||Obj.:  0.950323 ||objxPhy.:-37.285261 ||Vol.:  0.300 ||ch.:  1.000
 It.:   42 ||Obj.:  0.950288 ||objxPhy.:-37.287665 ||Vol.:  0.300 ||ch.:  1.000
 It.:   43 ||Obj.:  0.950256 ||objxPhy.:-37.291733 ||Vol.:  0.300 ||ch.:  1.000
 It.:   44 ||Obj.:  0.950195 ||objxPhy.:-37.292133 ||Vol.:  0.300 ||ch.:  1.000
 It.:   45 ||Obj.:  0.950165 ||objxPhy.:-37.294315 ||Vol.:  0.300 ||ch.:  1.000
 It.:   46 ||Obj.:  0.950061 ||objxPhy.:-37.295498 ||Vol.:  0.300 ||ch.:  1.000
 It.:   47 ||Obj.:  0.949955 ||objxPhy.:-37.301545 ||Vol.:  0.300 ||ch.:  1.000
 It.:   48 ||Obj.:  0.949876 ||objxPhy.:-37.302598 ||Vol.:  0.300 ||ch.:  1.000
 It.:   49 ||Obj.:  0.949760 ||objxPhy.:-37.309573 ||Vol.:  0.300 ||ch.:  1.000
 It.:   50 ||Obj.:  0.949598 ||objxPhy.:-37.312209 ||Vol.:  0.300 ||ch.:  1.000
 It.:   51 ||Obj.:  0.949468 ||objxPhy.:-37.315381 ||Vol.:  0.300 ||ch.:  1.000
 It.:   52 ||Obj.:  0.949407 ||objxPhy.:-37.319182 ||Vol.:  0.300 ||ch.:  1.000
 It.:   53 ||Obj.:  0.949372 ||objxPhy.:-37.324908 ||Vol.:  0.300 ||ch.:  1.000
 It.:   54 ||Obj.:  0.949341 ||objxPhy.:-37.327345 ||Vol.:  0.300 ||ch.:  0.000
 sharp interface energy:    0.857823
--------------------------------------
--------------------------------------
Displaying
bc:left_up_down_bdc_left_down_qin | objectfunc:right_down | Vforce:0.00000 | delta_x:0.01000 | volfrac:0.30000
Emin:133.33333 | E0:13333.33333 | gamma:0.000000 | tau:0.01000 | lambda:10.00000 | w:5.00000
 It.:    1 ||Obj.:  1.084381 ||objxPhy.:-44.907378 ||Vol.:  0.300 ||ch.:  8.000
 It.:    2 ||Obj.:  1.037946 ||objxPhy.:-48.892160 ||Vol.:  0.300 ||ch.:  5.000
 It.:    3 ||Obj.:  1.017943 ||objxPhy.:-50.687379 ||Vol.:  0.300 ||ch.:  3.000
 It.:    4 ||Obj.:  1.002689 ||objxPhy.:-50.366909 ||Vol.:  0.300 ||ch.:  2.000
 It.:    5 ||Obj.:  0.993655 ||objxPhy.:-49.753622 ||Vol.:  0.300 ||ch.:  2.000
 It.:    6 ||Obj.:  0.987777 ||objxPhy.:-50.071277 ||Vol.:  0.300 ||ch.:  2.000
 It.:    7 ||Obj.:  0.983525 ||objxPhy.:-49.874319 ||Vol.:  0.300 ||ch.:  2.000
 It.:    8 ||Obj.:  0.980390 ||objxPhy.:-50.497661 ||Vol.:  0.300 ||ch.:  2.000
 It.:    9 ||Obj.:  0.976867 ||objxPhy.:-50.092785 ||Vol.:  0.300 ||ch.:  2.000
 It.:   10 ||Obj.:  0.975367 ||objxPhy.:-51.000635 ||Vol.:  0.300 ||ch.:  1.000
 It.:   11 ||Obj.:  0.972355 ||objxPhy.:-50.861538 ||Vol.:  0.300 ||ch.:  1.000
 It.:   12 ||Obj.:  0.969722 ||objxPhy.:-50.933382 ||Vol.:  0.300 ||ch.:  2.000
 It.:   13 ||Obj.:  0.966874 ||objxPhy.:-51.097505 ||Vol.:  0.300 ||ch.:  1.000
 It.:   14 ||Obj.:  0.965320 ||objxPhy.:-51.137628 ||Vol.:  0.300 ||ch.:  1.000
 It.:   15 ||Obj.:  0.964248 ||objxPhy.:-51.166287 ||Vol.:  0.300 ||ch.:  1.000
 It.:   16 ||Obj.:  0.963820 ||objxPhy.:-51.207496 ||Vol.:  0.300 ||ch.:  2.000
 It.:   17 ||Obj.:  0.963172 ||objxPhy.:-51.229361 ||Vol.:  0.300 ||ch.:  1.000
 It.:   18 ||Obj.:  0.962860 ||objxPhy.:-51.260107 ||Vol.:  0.300 ||ch.:  1.000
 It.:   19 ||Obj.:  0.962754 ||objxPhy.:-51.257958 ||Vol.:  0.300 ||ch.:  0.000
 sharp interface energy:    0.800127
--------------------------------------
--------------------------------------
Displaying
bc:left_up_down_bdc_left_down_qin | objectfunc:right_down | Vforce:0.00000 | delta_x:0.01000 | volfrac:0.30000
Emin:66.66667 | E0:13333.33333 | gamma:0.000000 | tau:0.01000 | lambda:10.00000 | w:5.00000
 It.:    1 ||Obj.:  0.849634 ||objxPhy.:-57.124599 ||Vol.:  0.300 ||ch.:  6.000
 It.:    2 ||Obj.:  0.826078 ||objxPhy.:-73.557087 ||Vol.:  0.300 ||ch.:  4.000
 It.:    3 ||Obj.:  0.790055 ||objxPhy.:-70.243916 ||Vol.:  0.300 ||ch.:  2.000
 It.:    4 ||Obj.:  0.783697 ||objxPhy.:-68.972692 ||Vol.:  0.300 ||ch.:  2.000
 It.:    5 ||Obj.:  0.780747 ||objxPhy.:-68.985285 ||Vol.:  0.300 ||ch.:  2.000
 It.:    6 ||Obj.:  0.778784 ||objxPhy.:-69.676860 ||Vol.:  0.300 ||ch.:  2.000
 It.:    7 ||Obj.:  0.777217 ||objxPhy.:-68.932530 ||Vol.:  0.300 ||ch.:  2.000
 It.:    8 ||Obj.:  0.775578 ||objxPhy.:-70.585728 ||Vol.:  0.300 ||ch.:  2.000
 It.:    9 ||Obj.:  0.773361 ||objxPhy.:-69.762290 ||Vol.:  0.300 ||ch.:  1.000
 It.:   10 ||Obj.:  0.772720 ||objxPhy.:-69.769701 ||Vol.:  0.300 ||ch.:  1.000
 It.:   11 ||Obj.:  0.771934 ||objxPhy.:-69.776891 ||Vol.:  0.300 ||ch.:  1.000
 It.:   12 ||Obj.:  0.771327 ||objxPhy.:-69.804449 ||Vol.:  0.300 ||ch.:  1.000
 It.:   13 ||Obj.:  0.770427 ||objxPhy.:-69.822628 ||Vol.:  0.300 ||ch.:  1.000
 It.:   14 ||Obj.:  0.769423 ||objxPhy.:-69.827938 ||Vol.:  0.300 ||ch.:  1.000
 It.:   15 ||Obj.:  0.768558 ||objxPhy.:-69.841499 ||Vol.:  0.300 ||ch.:  2.000
 It.:   16 ||Obj.:  0.767574 ||objxPhy.:-69.855251 ||Vol.:  0.300 ||ch.:  1.000
 It.:   17 ||Obj.:  0.766796 ||objxPhy.:-69.869458 ||Vol.:  0.300 ||ch.:  2.000
 It.:   18 ||Obj.:  0.766303 ||objxPhy.:-69.876987 ||Vol.:  0.300 ||ch.:  1.000
 It.:   19 ||Obj.:  0.766049 ||objxPhy.:-69.882480 ||Vol.:  0.300 ||ch.:  1.000
 It.:   20 ||Obj.:  0.765939 ||objxPhy.:-69.880730 ||Vol.:  0.300 ||ch.:  1.000
 It.:   21 ||Obj.:  0.765821 ||objxPhy.:-69.883875 ||Vol.:  0.300 ||ch.:  1.000
 It.:   22 ||Obj.:  0.765566 ||objxPhy.:-69.891674 ||Vol.:  0.300 ||ch.:  1.000
 It.:   23 ||Obj.:  0.765299 ||objxPhy.:-69.893992 ||Vol.:  0.300 ||ch.:  1.000
 It.:   24 ||Obj.:  0.764890 ||objxPhy.:-69.892503 ||Vol.:  0.300 ||ch.:  1.000
 It.:   25 ||Obj.:  0.764762 ||objxPhy.:-69.894724 ||Vol.:  0.300 ||ch.:  1.000
 It.:   26 ||Obj.:  0.764642 ||objxPhy.:-69.897469 ||Vol.:  0.300 ||ch.:  1.000
 It.:   27 ||Obj.:  0.764516 ||objxPhy.:-69.901742 ||Vol.:  0.300 ||ch.:  1.000
 It.:   28 ||Obj.:  0.764369 ||objxPhy.:-69.903436 ||Vol.:  0.300 ||ch.:  1.000
 It.:   29 ||Obj.:  0.764242 ||objxPhy.:-69.909638 ||Vol.:  0.300 ||ch.:  0.000
 sharp interface energy:    0.628707
--------------------------------------
--------------------------------------
Displaying
bc:left_up_down_bdc_left_down_qin | objectfunc:right_down | Vforce:0.00000 | delta_x:0.01000 | volfrac:0.30000
Emin:13.33333 | E0:13333.33333 | gamma:0.000000 | tau:0.01000 | lambda:10.00000 | w:5.00000
 It.:    1 ||Obj.: -0.418588 ||objxPhy.:-113.667642 ||Vol.:  0.284 ||ch.: 33.000
 It.:    2 ||Obj.: 85.370294 ||objxPhy.:57076.414160 ||Vol.:  0.300 ||ch.: 49.000
 It.:    3 ||Obj.:  1.345670 ||objxPhy.:-80.605505 ||Vol.:  0.300 ||ch.: 39.000
 It.:    4 ||Obj.:  1.738647 ||objxPhy.:-159.434430 ||Vol.:  0.300 ||ch.: 51.000
 It.:    5 ||Obj.: 23.970036 ||objxPhy.:17588.422871 ||Vol.:  0.300 ||ch.: 51.000
 It.:    6 ||Obj.:  3.690897 ||objxPhy.:-18.036196 ||Vol.:  0.300 ||ch.: 53.000
 It.:    7 ||Obj.:  5.902561 ||objxPhy.:1396.587143 ||Vol.:  0.300 ||ch.: 30.000
 It.:    8 ||Obj.:  1.968386 ||objxPhy.:-100.085322 ||Vol.:  0.300 ||ch.: 56.000
 It.:    9 ||Obj.:  7.238120 ||objxPhy.:1837.162908 ||Vol.:  0.300 ||ch.: 26.000
 It.:   10 ||Obj.:  4.930319 ||objxPhy.:111.358162 ||Vol.:  0.293 ||ch.: 62.000
 It.:   11 ||Obj.: 23.122918 ||objxPhy.:14772.827013 ||Vol.:  0.300 ||ch.: 50.000
 It.:   12 ||Obj.: 20.319522 ||objxPhy.:5871.656114 ||Vol.:  0.300 ||ch.: 72.000
 It.:   13 ||Obj.:  6.354569 ||objxPhy.:1912.112173 ||Vol.:  0.300 ||ch.: 35.000
 It.:   14 ||Obj.: 65.795440 ||objxPhy.:53887.261614 ||Vol.:  0.300 ||ch.: 86.000
 It.:   15 ||Obj.: 10.759029 ||objxPhy.:4315.261977 ||Vol.:  0.300 ||ch.: 65.000
 It.:   16 ||Obj.: 81.089050 ||objxPhy.:73909.916237 ||Vol.:  0.300 ||ch.: 61.000
 It.:   17 ||Obj.: 15.243601 ||objxPhy.:9125.010923 ||Vol.:  0.300 ||ch.: 80.000
 It.:   18 ||Obj.:118.586508 ||objxPhy.:109538.068907 ||Vol.:  0.282 ||ch.: 82.000
 It.:   19 ||Obj.: 10.905345 ||objxPhy.:2605.567462 ||Vol.:  0.300 ||ch.: 45.000
Displaying
bc:left_down_bdc_right_down_qin | objectfunc:left_up | Vforce:0.00000 | delta_x:0.01000 | volfrac:0.30000
Emin:666.66667 | E0:13333.33333 | gamma:0.000000 | tau:0.01000 | lambda:10.00000 | w:5.00000
 It.:    1 ||Obj.: 10.987348 ||objxPhy.:-297.640944 ||Vol.:  0.300 ||ch.: 61.200
 It.:    2 ||Obj.:  3.665318 ||objxPhy.:-129.846594 ||Vol.:  0.300 ||ch.: 28.000
 It.:    3 ||Obj.:  3.286643 ||objxPhy.:-129.145818 ||Vol.:  0.300 ||ch.: 28.000
 It.:    4 ||Obj.:  2.709560 ||objxPhy.:-111.485085 ||Vol.:  0.300 ||ch.: 34.000
 It.:    5 ||Obj.:  1.410453 ||objxPhy.:-97.064010 ||Vol.:  0.300 ||ch.: 41.000
 It.:    6 ||Obj.:  1.087672 ||objxPhy.:-107.486910 ||Vol.:  0.300 ||ch.: 24.000
 It.:    7 ||Obj.:  0.964094 ||objxPhy.:-114.041987 ||Vol.:  0.300 ||ch.: 28.000
 It.:    8 ||Obj.:  0.883828 ||objxPhy.:-115.942330 ||Vol.:  0.300 ||ch.:  8.000
 It.:    9 ||Obj.:  0.840890 ||objxPhy.:-115.536661 ||Vol.:  0.300 ||ch.:  2.000
 It.:   10 ||Obj.:  0.821974 ||objxPhy.:-114.873847 ||Vol.:  0.300 ||ch.:  2.000
 It.:   11 ||Obj.:  0.806084 ||objxPhy.:-113.879144 ||Vol.:  0.300 ||ch.:  2.000
 It.:   12 ||Obj.:  0.796792 ||objxPhy.:-113.146270 ||Vol.:  0.300 ||ch.:  2.000
 It.:   13 ||Obj.:  0.790203 ||objxPhy.:-112.716354 ||Vol.:  0.300 ||ch.:  1.000
 It.:   14 ||Obj.:  0.786334 ||objxPhy.:-112.390325 ||Vol.:  0.300 ||ch.:  1.000
 It.:   15 ||Obj.:  0.783973 ||objxPhy.:-112.253439 ||Vol.:  0.300 ||ch.:  1.000
 It.:   16 ||Obj.:  0.782086 ||objxPhy.:-112.134792 ||Vol.:  0.300 ||ch.:  1.000
 It.:   17 ||Obj.:  0.781474 ||objxPhy.:-112.034980 ||Vol.:  0.300 ||ch.:  1.000
 It.:   18 ||Obj.:  0.780899 ||objxPhy.:-111.961323 ||Vol.:  0.300 ||ch.:  1.000
 It.:   19 ||Obj.:  0.780301 ||objxPhy.:-111.903791 ||Vol.:  0.300 ||ch.:  1.000
 It.:   20 ||Obj.:  0.779505 ||objxPhy.:-111.889360 ||Vol.:  0.300 ||ch.:  1.000
 It.:   21 ||Obj.:  0.778572 ||objxPhy.:-111.884919 ||Vol.:  0.300 ||ch.:  2.000
 It.:   22 ||Obj.:  0.777926 ||objxPhy.:-111.928187 ||Vol.:  0.300 ||ch.:  2.000
 It.:   23 ||Obj.:  0.776981 ||objxPhy.:-112.009917 ||Vol.:  0.300 ||ch.:  2.000
 It.:   24 ||Obj.:  0.775575 ||objxPhy.:-112.100570 ||Vol.:  0.300 ||ch.:  1.000
 It.:   25 ||Obj.:  0.775361 ||objxPhy.:-112.139152 ||Vol.:  0.300 ||ch.:  1.000
 It.:   26 ||Obj.:  0.775133 ||objxPhy.:-112.148132 ||Vol.:  0.300 ||ch.:  1.000
 It.:   27 ||Obj.:  0.775086 ||objxPhy.:-112.172407 ||Vol.:  0.300 ||ch.:  1.000
 It.:   28 ||Obj.:  0.774876 ||objxPhy.:-112.136001 ||Vol.:  0.300 ||ch.:  1.000
 It.:   29 ||Obj.:  0.774830 ||objxPhy.:-112.161495 ||Vol.:  0.300 ||ch.:  1.000
 It.:   30 ||Obj.:  0.774619 ||objxPhy.:-112.148942 ||Vol.:  0.300 ||ch.:  1.000
 It.:   31 ||Obj.:  0.774570 ||objxPhy.:-112.175331 ||Vol.:  0.300 ||ch.:  1.000
 It.:   32 ||Obj.:  0.774346 ||objxPhy.:-112.140099 ||Vol.:  0.300 ||ch.:  1.000
 It.:   33 ||Obj.:  0.774215 ||objxPhy.:-112.165100 ||Vol.:  0.300 ||ch.:  1.000
 It.:   34 ||Obj.:  0.773889 ||objxPhy.:-112.129382 ||Vol.:  0.300 ||ch.:  1.000
 It.:   35 ||Obj.:  0.773718 ||objxPhy.:-112.154565 ||Vol.:  0.300 ||ch.:  1.000
 It.:   36 ||Obj.:  0.773226 ||objxPhy.:-112.139870 ||Vol.:  0.300 ||ch.:  1.000
 It.:   37 ||Obj.:  0.772680 ||objxPhy.:-112.129534 ||Vol.:  0.300 ||ch.:  1.000
 It.:   38 ||Obj.:  0.772492 ||objxPhy.:-112.148653 ||Vol.:  0.300 ||ch.:  1.000
 It.:   39 ||Obj.:  0.772243 ||objxPhy.:-112.173902 ||Vol.:  0.300 ||ch.:  1.000
 It.:   40 ||Obj.:  0.772151 ||objxPhy.:-112.194316 ||Vol.:  0.300 ||ch.:  1.000
 It.:   41 ||Obj.:  0.771679 ||objxPhy.:-112.237502 ||Vol.:  0.300 ||ch.:  1.000
 It.:   42 ||Obj.:  0.771702 ||objxPhy.:-112.245308 ||Vol.:  0.300 ||ch.:  1.000
 It.:   43 ||Obj.:  0.771679 ||objxPhy.:-112.237502 ||Vol.:  0.300 ||ch.:  1.000
 It.:   44 ||Obj.:  0.771702 ||objxPhy.:-112.245308 ||Vol.:  0.300 ||ch.:  1.000
 It.:   45 ||Obj.:  0.771679 ||objxPhy.:-112.237502 ||Vol.:  0.300 ||ch.:  1.000
 It.:   46 ||Obj.:  0.771702 ||objxPhy.:-112.245308 ||Vol.:  0.300 ||ch.:  1.000
 It.:   47 ||Obj.:  0.771679 ||objxPhy.:-112.237502 ||Vol.:  0.300 ||ch.:  1.000
 It.:   48 ||Obj.:  0.771702 ||objxPhy.:-112.245308 ||Vol.:  0.300 ||ch.:  1.000
 It.:   49 ||Obj.:  0.771679 ||objxPhy.:-112.237502 ||Vol.:  0.300 ||ch.:  1.000
 It.:   50 ||Obj.:  0.771702 ||objxPhy.:-112.245308 ||Vol.:  0.300 ||ch.:  1.000
 It.:   51 ||Obj.:  0.771679 ||objxPhy.:-112.237502 ||Vol.:  0.300 ||ch.:  1.000
 It.:   52 ||Obj.:  0.771702 ||objxPhy.:-112.245308 ||Vol.:  0.300 ||ch.:  1.000
 It.:   53 ||Obj.:  0.771679 ||objxPhy.:-112.237502 ||Vol.:  0.300 ||ch.:  1.000
 It.:   54 ||Obj.:  0.771702 ||objxPhy.:-112.245308 ||Vol.:  0.300 ||ch.:  1.000
 It.:   55 ||Obj.:  0.771679 ||objxPhy.:-112.237502 ||Vol.:  0.300 ||ch.:  1.000
 It.:   56 ||Obj.:  0.771702 ||objxPhy.:-112.245308 ||Vol.:  0.300 ||ch.:  1.000
 It.:   57 ||Obj.:  0.771679 ||objxPhy.:-112.237502 ||Vol.:  0.300 ||ch.:  1.000
 It.:   58 ||Obj.:  0.771702 ||objxPhy.:-112.245308 ||Vol.:  0.300 ||ch.:  1.000
 It.:   59 ||Obj.:  0.771679 ||objxPhy.:-112.237502 ||Vol.:  0.300 ||ch.:  1.000
 It.:   60 ||Obj.:  0.771702 ||objxPhy.:-112.245308 ||Vol.:  0.300 ||ch.:  1.000
 It.:   61 ||Obj.:  0.771679 ||objxPhy.:-112.237502 ||Vol.:  0.300 ||ch.:  1.000
 It.:   62 ||Obj.:  0.771702 ||objxPhy.:-112.245308 ||Vol.:  0.300 ||ch.:  1.000
 It.:   63 ||Obj.:  0.771679 ||objxPhy.:-112.237502 ||Vol.:  0.300 ||ch.:  1.000
 It.:   64 ||Obj.:  0.771702 ||objxPhy.:-112.245308 ||Vol.:  0.300 ||ch.:  1.000
 It.:   65 ||Obj.:  0.771679 ||objxPhy.:-112.237502 ||Vol.:  0.300 ||ch.:  1.000
 It.:   66 ||Obj.:  0.771702 ||objxPhy.:-112.245308 ||Vol.:  0.300 ||ch.:  1.000
 It.:   67 ||Obj.:  0.771679 ||objxPhy.:-112.237502 ||Vol.:  0.300 ||ch.:  1.000
 It.:   68 ||Obj.:  0.771702 ||objxPhy.:-112.245308 ||Vol.:  0.300 ||ch.:  1.000
 It.:   69 ||Obj.:  0.771679 ||objxPhy.:-112.237502 ||Vol.:  0.300 ||ch.:  1.000
 It.:   70 ||Obj.:  0.771702 ||objxPhy.:-112.245308 ||Vol.:  0.300 ||ch.:  1.000
 It.:   71 ||Obj.:  0.771679 ||objxPhy.:-112.237502 ||Vol.:  0.300 ||ch.:  1.000
 It.:   72 ||Obj.:  0.771702 ||objxPhy.:-112.245308 ||Vol.:  0.300 ||ch.:  1.000
 It.:   73 ||Obj.:  0.771679 ||objxPhy.:-112.237502 ||Vol.:  0.300 ||ch.:  1.000
 It.:   74 ||Obj.:  0.771702 ||objxPhy.:-112.245308 ||Vol.:  0.300 ||ch.:  1.000
 It.:   75 ||Obj.:  0.771679 ||objxPhy.:-112.237502 ||Vol.:  0.300 ||ch.:  1.000
 It.:   76 ||Obj.:  0.771702 ||objxPhy.:-112.245308 ||Vol.:  0.300 ||ch.:  1.000
 It.:   77 ||Obj.:  0.771679 ||objxPhy.:-112.237502 ||Vol.:  0.300 ||ch.:  1.000
 It.:   78 ||Obj.:  0.771702 ||objxPhy.:-112.245308 ||Vol.:  0.300 ||ch.:  1.000
 It.:   79 ||Obj.:  0.771679 ||objxPhy.:-112.237502 ||Vol.:  0.300 ||ch.:  1.000
 It.:   80 ||Obj.:  0.771702 ||objxPhy.:-112.245308 ||Vol.:  0.300 ||ch.:  1.000
 It.:   81 ||Obj.:  0.771679 ||objxPhy.:-112.237502 ||Vol.:  0.300 ||ch.:  1.000
 It.:   82 ||Obj.:  0.771702 ||objxPhy.:-112.245308 ||Vol.:  0.300 ||ch.:  1.000
 It.:   83 ||Obj.:  0.771679 ||objxPhy.:-112.237502 ||Vol.:  0.300 ||ch.:  1.000
 It.:   84 ||Obj.:  0.771702 ||objxPhy.:-112.245308 ||Vol.:  0.300 ||ch.:  1.000
 It.:   85 ||Obj.:  0.771679 ||objxPhy.:-112.237502 ||Vol.:  0.300 ||ch.:  1.000
 It.:   86 ||Obj.:  0.771702 ||objxPhy.:-112.245308 ||Vol.:  0.300 ||ch.:  1.000
 It.:   87 ||Obj.:  0.771679 ||objxPhy.:-112.237502 ||Vol.:  0.300 ||ch.:  1.000
 It.:   88 ||Obj.:  0.771702 ||objxPhy.:-112.245308 ||Vol.:  0.300 ||ch.:  1.000
 It.:   89 ||Obj.:  0.771679 ||objxPhy.:-112.237502 ||Vol.:  0.300 ||ch.:  1.000
 It.:   90 ||Obj.:  0.771702 ||objxPhy.:-112.245308 ||Vol.:  0.300 ||ch.:  1.000
 It.:   91 ||Obj.:  0.771679 ||objxPhy.:-112.237502 ||Vol.:  0.300 ||ch.:  1.000
 It.:   92 ||Obj.:  0.771702 ||objxPhy.:-112.245308 ||Vol.:  0.300 ||ch.:  1.000
 It.:   93 ||Obj.:  0.771679 ||objxPhy.:-112.237502 ||Vol.:  0.300 ||ch.:  1.000
 It.:   94 ||Obj.:  0.771702 ||objxPhy.:-112.245308 ||Vol.:  0.300 ||ch.:  1.000
 It.:   95 ||Obj.:  0.771679 ||objxPhy.:-112.237502 ||Vol.:  0.300 ||ch.:  1.000
 It.:   96 ||Obj.:  0.771702 ||objxPhy.:-112.245308 ||Vol.:  0.300 ||ch.:  1.000
 It.:   97 ||Obj.:  0.771679 ||objxPhy.:-112.237502 ||Vol.:  0.300 ||ch.:  1.000
 It.:   98 ||Obj.:  0.771702 ||objxPhy.:-112.245308 ||Vol.:  0.300 ||ch.:  1.000
 It.:   99 ||Obj.:  0.771679 ||objxPhy.:-112.237502 ||Vol.:  0.300 ||ch.:  1.000
 It.:  100 ||Obj.:  0.771702 ||objxPhy.:-112.245308 ||Vol.:  0.300 ||ch.:  1.000
 sharp interface energy:    0.663231
--------------------------------------
--------------------------------------
