Displaying
bc:left_down_bdc_right_down_qin | objectfunc:left_up | Vforce:0.00000 | delta_x:0.00500 | volfrac:0.30000
Emin:26.66667 | E0:13333.33333 | gamma:0.000000 | tau:0.00500 | lambda:1.00000 | w:5.00000 | gamma1:3.00000 | gamma2:1.50000
 It.:    1 ||Obj.: 54.819345 ||Vol.:  0.300 ||ch.:103.200 ||r.:10000.000 
 It.:    2 ||Obj.: -4.485961 ||Vol.:  0.300 ||ch.: 89.000 ||r.:10000.000 
 It.:   25 ||Obj.: -6.906817 ||Vol.:  0.300 ||ch.: 20.000 ||r.:  4.010 
 It.:   27 ||Obj.: -7.097490 ||Vol.:  0.300 ||ch.: 27.000 ||r.:  8.019 
 It.:   28 ||Obj.:-13.147834 ||Vol.:  0.300 ||ch.: 18.000 ||r.: 24.058 
 It.:   41 ||Obj.:-14.140889 ||Vol.:  0.300 ||ch.:  6.000 ||r.:  0.556 
 It.:   42 ||Obj.:-14.386887 ||Vol.:  0.300 ||ch.:  5.000 ||r.:  1.669 
 It.:   43 ||Obj.:-15.843381 ||Vol.:  0.300 ||ch.:  7.000 ||r.:  5.006 
 It.:   44 ||Obj.:-16.164889 ||Vol.:  0.300 ||ch.: 14.000 ||r.: 15.019 
 It.:   54 ||Obj.:-16.259596 ||Vol.:  0.300 ||ch.:  4.000 ||r.:  1.172 
 It.:   55 ||Obj.:-17.233004 ||Vol.:  0.300 ||ch.:  4.000 ||r.:  3.516 
 It.:   56 ||Obj.:-17.706111 ||Vol.:  0.300 ||ch.:  6.000 ||r.: 10.549 
 It.:   57 ||Obj.:-18.007777 ||Vol.:  0.300 ||ch.: 14.000 ||r.: 31.646 
 It.:   67 ||Obj.:-18.172062 ||Vol.:  0.300 ||ch.:  4.000 ||r.:  2.470 
 It.:   68 ||Obj.:-19.094840 ||Vol.:  0.300 ||ch.: 17.000 ||r.:  7.409 
 sharp interface energy:  -12.145110
--------------------------------------
--------------------------------------
Displaying
bc:left_down_bdc_right_down_qin | objectfunc:left_up | Vforce:0.00000 | delta_x:0.00500 | volfrac:0.10000
Emin:66.66667 | E0:13333.33333 | gamma:0.000000 | tau:0.00500 | lambda:1.00000 | w:5.00000 | gamma1:3.00000 | gamma2:1.50000
 It.:    1 ||Obj.: 58.269969 ||Vol.:  0.100 ||ch.: 76.000 ||r.:10000.000 
 It.:    2 ||Obj.: 57.244671 ||Vol.:  0.100 ||ch.: 12.000 ||r.:10000.000 
 It.:    3 ||Obj.: 55.724098 ||Vol.:  0.100 ||ch.: 13.000 ||r.:10000.000 
 It.:    4 ||Obj.: 54.033075 ||Vol.:  0.100 ||ch.: 13.000 ||r.:10000.000 
 It.:    5 ||Obj.: 51.793889 ||Vol.:  0.100 ||ch.: 14.000 ||r.:10000.000 
 It.:    6 ||Obj.: 48.650610 ||Vol.:  0.100 ||ch.: 14.000 ||r.:10000.000 
 It.:    7 ||Obj.: 45.021561 ||Vol.:  0.100 ||ch.: 16.000 ||r.:10000.000 
 It.:    8 ||Obj.: 41.431520 ||Vol.:  0.100 ||ch.: 17.000 ||r.:10000.000 
 It.:    9 ||Obj.: 38.034731 ||Vol.:  0.100 ||ch.: 14.000 ||r.:10000.000 
 It.:   10 ||Obj.: 33.666837 ||Vol.:  0.100 ||ch.: 18.000 ||r.:10000.000 
 It.:   11 ||Obj.: 28.851854 ||Vol.:  0.100 ||ch.: 16.000 ||r.:10000.000 
 It.:   12 ||Obj.: 22.188378 ||Vol.:  0.100 ||ch.: 17.000 ||r.:10000.000 
 It.:   13 ||Obj.: -3.313231 ||Vol.:  0.100 ||ch.: 18.000 ||r.:10000.000 
 It.:   14 ||Obj.: -3.847263 ||Vol.:  0.100 ||ch.: 17.000 ||r.:30000.000 
 It.:   15 ||Obj.: -4.748343 ||Vol.:  0.100 ||ch.:  7.000 ||r.:90000.000 
 It.:   16 ||Obj.: -5.142607 ||Vol.:  0.100 ||ch.:  9.000 ||r.:270000.000 
 It.:   17 ||Obj.: -5.591682 ||Vol.:  0.100 ||ch.:  5.000 ||r.:810000.000 
 It.:   18 ||Obj.: -5.846720 ||Vol.:  0.100 ||ch.:  6.000 ||r.:2430000.000 
 It.:   19 ||Obj.: -6.187305 ||Vol.:  0.100 ||ch.:  7.000 ||r.:7290000.000 
 It.:   20 ||Obj.: -6.431227 ||Vol.:  0.100 ||ch.:  5.000 ||r.:21870000.000 
 It.:   21 ||Obj.: -6.706248 ||Vol.:  0.100 ||ch.:  5.000 ||r.:65610000.000 
 It.:   22 ||Obj.: -6.931246 ||Vol.:  0.100 ||ch.:  4.000 ||r.:196830000.000 
 It.:   23 ||Obj.: -7.168725 ||Vol.:  0.100 ||ch.:  5.000 ||r.:590490000.000 
 It.:   24 ||Obj.: -7.419089 ||Vol.:  0.100 ||ch.:  4.000 ||r.:1771470000.000 
 It.:   25 ||Obj.: -7.644940 ||Vol.:  0.100 ||ch.:  5.000 ||r.:5314410000.000 
 It.:   26 ||Obj.: -7.875722 ||Vol.:  0.100 ||ch.:  4.000 ||r.:15943230000.000 
 It.:   27 ||Obj.: -8.126035 ||Vol.:  0.100 ||ch.:  3.000 ||r.:47829690000.000 
 It.:   28 ||Obj.: -8.339224 ||Vol.:  0.100 ||ch.:  4.000 ||r.:143489070000.000 
 It.:   29 ||Obj.: -8.560889 ||Vol.:  0.100 ||ch.:  3.000 ||r.:430467210000.000 
 It.:   30 ||Obj.: -8.796660 ||Vol.:  0.100 ||ch.:  2.000 ||r.:1291401630000.000 
 It.:   31 ||Obj.: -9.000260 ||Vol.:  0.100 ||ch.:  3.000 ||r.:3874204890000.000 
 It.:   32 ||Obj.: -9.201249 ||Vol.:  0.100 ||ch.:  5.000 ||r.:11622614670000.000 
 It.:   33 ||Obj.: -9.387880 ||Vol.:  0.100 ||ch.:  2.000 ||r.:34867844010000.000 
 It.:   34 ||Obj.: -9.568793 ||Vol.:  0.100 ||ch.:  2.000 ||r.:104603532030000.000 
 It.:   35 ||Obj.: -9.750164 ||Vol.:  0.100 ||ch.:  2.000 ||r.:313810596090000.000 
 It.:   36 ||Obj.: -9.904230 ||Vol.:  0.100 ||ch.:  2.000 ||r.:941431788270000.000 
 It.:   37 ||Obj.:-10.078758 ||Vol.:  0.100 ||ch.:  4.000 ||r.:2824295364810000.000 
 It.:   38 ||Obj.:-10.270549 ||Vol.:  0.100 ||ch.:  3.000 ||r.:8472886094430000.000 
 It.:   39 ||Obj.:-10.420947 ||Vol.:  0.100 ||ch.:  2.000 ||r.:25418658283290000.000 
 It.:   40 ||Obj.:-10.566211 ||Vol.:  0.100 ||ch.:  2.000 ||r.:76255974849870000.000 
 It.:   41 ||Obj.:-10.699503 ||Vol.:  0.100 ||ch.:  2.000 ||r.:228767924549609980.000 
 It.:   42 ||Obj.:-10.829209 ||Vol.:  0.100 ||ch.:  2.000 ||r.:686303773648829950.000 
 It.:   43 ||Obj.:-10.952817 ||Vol.:  0.100 ||ch.:  2.000 ||r.:2058911320946489900.000 
 It.:   44 ||Obj.:-11.079231 ||Vol.:  0.100 ||ch.:  3.000 ||r.:6176733962839470100.000 
 It.:   45 ||Obj.:-11.168883 ||Vol.:  0.100 ||ch.:  3.000 ||r.:18530201888518410000.000 
 It.:   46 ||Obj.:-11.259896 ||Vol.:  0.100 ||ch.:  3.000 ||r.:55590605665555235000.000 
 It.:   47 ||Obj.:-11.369585 ||Vol.:  0.100 ||ch.:  3.000 ||r.:166771816996665690000.000 
 It.:   48 ||Obj.:-11.428669 ||Vol.:  0.100 ||ch.:  2.000 ||r.:500315450989997060000.000 
 It.:   49 ||Obj.:-11.508237 ||Vol.:  0.100 ||ch.:  2.000 ||r.:1500946352969991300000.000 
 It.:   50 ||Obj.:-11.564706 ||Vol.:  0.100 ||ch.:  2.000 ||r.:4502839058909974000000.000 
 It.:   51 ||Obj.:-11.621625 ||Vol.:  0.100 ||ch.:  3.000 ||r.:13508517176729921000000.000 
 It.:   52 ||Obj.:-11.681130 ||Vol.:  0.100 ||ch.:  2.000 ||r.:40525551530189766000000.000 
 It.:   53 ||Obj.:-11.706779 ||Vol.:  0.100 ||ch.:  2.000 ||r.:121576654590569300000000.000 
 It.:   54 ||Obj.:-11.752281 ||Vol.:  0.100 ||ch.:  2.000 ||r.:364729963771707880000000.000 
 It.:   55 ||Obj.:-11.782781 ||Vol.:  0.100 ||ch.:  2.000 ||r.:1094189891315123600000000.000 
 It.:   56 ||Obj.:-11.811816 ||Vol.:  0.100 ||ch.:  2.000 ||r.:3282569673945370700000000.000 
 It.:   57 ||Obj.:-11.837299 ||Vol.:  0.100 ||ch.:  2.000 ||r.:9847709021836112700000000.000 
 It.:   58 ||Obj.:-11.868220 ||Vol.:  0.100 ||ch.:  2.000 ||r.:29543127065508338000000000.000 
 It.:   59 ||Obj.:-11.893570 ||Vol.:  0.100 ||ch.:  2.000 ||r.:88629381196525010000000000.000 
 It.:   60 ||Obj.:-11.911069 ||Vol.:  0.100 ||ch.:  2.000 ||r.:265888143589575030000000000.000 
 It.:   61 ||Obj.:-11.922130 ||Vol.:  0.100 ||ch.:  1.000 ||r.:797664430768725160000000000.000 
 It.:   62 ||Obj.:-11.936216 ||Vol.:  0.100 ||ch.:  2.000 ||r.:2392993292306175500000000000.000 
 It.:   63 ||Obj.:-11.959122 ||Vol.:  0.100 ||ch.:  2.000 ||r.:7178979876918526100000000000.000 
 It.:   64 ||Obj.:-11.964810 ||Vol.:  0.100 ||ch.:  2.000 ||r.:21536939630755578000000000000.000 
 It.:   65 ||Obj.:-11.982128 ||Vol.:  0.100 ||ch.:  1.000 ||r.:64610818892266740000000000000.000 
 It.:   66 ||Obj.:-11.984308 ||Vol.:  0.100 ||ch.:  1.000 ||r.:193832456676800220000000000000.000 
 It.:   67 ||Obj.:-12.003685 ||Vol.:  0.100 ||ch.:  2.000 ||r.:581497370030400690000000000000.000 
 It.:   68 ||Obj.:-12.009037 ||Vol.:  0.100 ||ch.:  1.000 ||r.:1744492110091202100000000000000.000 
 It.:   69 ||Obj.:-12.011701 ||Vol.:  0.100 ||ch.:  2.000 ||r.:5233476330273605900000000000000.000 
 It.:   70 ||Obj.:-12.017361 ||Vol.:  0.100 ||ch.:  1.000 ||r.:15700428990820818000000000000000.000 
 It.:   71 ||Obj.:-12.028510 ||Vol.:  0.100 ||ch.:  1.000 ||r.:47101286972462456000000000000000.000 
 sharp interface energy:  -13.736296
--------------------------------------
--------------------------------------
Displaying
bc:left_down_bdc_right_down_qin | objectfunc:left_up | Vforce:0.00000 | delta_x:0.00500 | volfrac:0.20000
Emin:66.66667 | E0:13333.33333 | gamma:0.000000 | tau:0.00500 | lambda:1.00000 | w:5.00000 | gamma1:3.00000 | gamma2:1.50000
 It.:    1 ||Obj.: 34.919470 ||Vol.:  0.200 ||ch.: 97.000 ||r.:10000.000 
 It.:    2 ||Obj.: 32.419048 ||Vol.:  0.200 ||ch.: 52.000 ||r.:10000.000 
 It.:    3 ||Obj.: 17.274494 ||Vol.:  0.200 ||ch.: 60.000 ||r.:10000.000 
 It.:    4 ||Obj.: -4.891595 ||Vol.:  0.200 ||ch.: 64.000 ||r.:10000.000 
 It.:    5 ||Obj.: -8.083634 ||Vol.:  0.200 ||ch.: 52.000 ||r.:30000.000 
 It.:   29 ||Obj.: -8.118470 ||Vol.:  0.200 ||ch.: 15.000 ||r.:  8.019 
 It.:   30 ||Obj.: -9.542266 ||Vol.:  0.200 ||ch.: 14.000 ||r.: 24.058 
 It.:   31 ||Obj.:-10.024552 ||Vol.:  0.200 ||ch.: 22.000 ||r.: 72.175 
 It.:   32 ||Obj.:-10.538749 ||Vol.:  0.200 ||ch.: 22.000 ||r.:216.525 
 It.:   33 ||Obj.:-11.128895 ||Vol.:  0.200 ||ch.: 17.000 ||r.:649.574 
 It.:   34 ||Obj.:-11.545510 ||Vol.:  0.200 ||ch.: 19.000 ||r.:1948.722 
 It.:   35 ||Obj.:-12.088228 ||Vol.:  0.200 ||ch.: 16.000 ||r.:5846.165 
 It.:   36 ||Obj.:-12.531949 ||Vol.:  0.200 ||ch.: 12.000 ||r.:17538.495 
 It.:   37 ||Obj.:-12.546678 ||Vol.:  0.200 ||ch.:  9.000 ||r.:52615.486 
 It.:   62 ||Obj.:-12.758461 ||Vol.:  0.200 ||ch.:  4.000 ||r.:  9.377 
 It.:   63 ||Obj.:-12.838282 ||Vol.:  0.200 ||ch.:  4.000 ||r.: 28.130 
 It.:   64 ||Obj.:-12.859291 ||Vol.:  0.200 ||ch.:  4.000 ||r.: 84.389 
 It.:   65 ||Obj.:-12.931661 ||Vol.:  0.200 ||ch.:  7.000 ||r.:253.168 
 It.:   73 ||Obj.:-12.952725 ||Vol.:  0.200 ||ch.:  2.000 ||r.: 44.452 
 It.:   74 ||Obj.:-12.983967 ||Vol.:  0.200 ||ch.:  3.000 ||r.:133.356 
 It.:   75 ||Obj.:-13.017074 ||Vol.:  0.200 ||ch.:  3.000 ||r.:400.068 
 It.:   84 ||Obj.:-13.026948 ||Vol.:  0.200 ||ch.:  1.000 ||r.: 46.830 
 It.:   89 ||Obj.:-13.026948 ||Vol.:  0.200 ||ch.:  0.000 ||r.:  9.250 
 sharp interface energy:  -12.517556
--------------------------------------
--------------------------------------
Displaying
bc:left_down_bdc_right_down_qin | objectfunc:left_up | Vforce:0.00000 | delta_x:0.00500 | volfrac:0.20000
Emin:66.66667 | E0:13333.33333 | gamma:0.000000 | tau:0.00500 | lambda:1.00000 | w:5.00000 | gamma1:3.00000 | gamma2:1.50000
 It.:    1 ||Obj.: 34.919470 ||Vol.:  0.200 ||ch.: 97.000 ||r.:10000.000 
 It.:    2 ||Obj.: 32.419048 ||Vol.:  0.200 ||ch.: 52.000 ||r.:10000.000 
 It.:    3 ||Obj.: 17.274494 ||Vol.:  0.200 ||ch.: 60.000 ||r.:10000.000 
 It.:    4 ||Obj.: -4.891595 ||Vol.:  0.200 ||ch.: 64.000 ||r.:10000.000 
 It.:    5 ||Obj.: -8.083634 ||Vol.:  0.200 ||ch.: 52.000 ||r.:30000.000 
 It.:   29 ||Obj.: -8.118470 ||Vol.:  0.200 ||ch.: 15.000 ||r.:  8.019 
 It.:   30 ||Obj.: -9.542266 ||Vol.:  0.200 ||ch.: 14.000 ||r.: 24.058 
 It.:   31 ||Obj.:-10.024552 ||Vol.:  0.200 ||ch.: 22.000 ||r.: 72.175 
 It.:   32 ||Obj.:-10.538749 ||Vol.:  0.200 ||ch.: 22.000 ||r.:216.525 
 It.:   33 ||Obj.:-11.128895 ||Vol.:  0.200 ||ch.: 17.000 ||r.:649.574 
 It.:   34 ||Obj.:-11.545510 ||Vol.:  0.200 ||ch.: 19.000 ||r.:1948.722 
 It.:   35 ||Obj.:-12.088228 ||Vol.:  0.200 ||ch.: 16.000 ||r.:5846.165 
 It.:   36 ||Obj.:-12.531949 ||Vol.:  0.200 ||ch.: 12.000 ||r.:17538.495 
 It.:   37 ||Obj.:-12.546678 ||Vol.:  0.200 ||ch.:  9.000 ||r.:52615.486 
 It.:   62 ||Obj.:-12.758461 ||Vol.:  0.200 ||ch.:  4.000 ||r.:  9.377 
 It.:   63 ||Obj.:-12.838282 ||Vol.:  0.200 ||ch.:  4.000 ||r.: 28.130 
 It.:   64 ||Obj.:-12.859291 ||Vol.:  0.200 ||ch.:  4.000 ||r.: 84.389 
 It.:   65 ||Obj.:-12.931661 ||Vol.:  0.200 ||ch.:  7.000 ||r.:253.168 
 It.:   73 ||Obj.:-12.952725 ||Vol.:  0.200 ||ch.:  2.000 ||r.: 44.452 
 It.:   74 ||Obj.:-12.983967 ||Vol.:  0.200 ||ch.:  3.000 ||r.:133.356 
 It.:   75 ||Obj.:-13.017074 ||Vol.:  0.200 ||ch.:  3.000 ||r.:400.068 
 It.:   84 ||Obj.:-13.026948 ||Vol.:  0.200 ||ch.:  1.000 ||r.: 46.830 
 It.:   89 ||Obj.:-13.026948 ||Vol.:  0.200 ||ch.:  0.000 ||r.:  9.250 
 sharp interface energy:  -12.517556
--------------------------------------
--------------------------------------
