Displaying
bc:left_up_down_bdc_left_down_qin | objectfunc:right_down | Vforce:0.00000 | delta_x:0.01000 | volfrac:0.30000
Emin:66.66667 | E0:13333.33333 | gamma:0.000000 | tau:0.01000 | lambda:1.00000 | w = 10
 It.:    1 ||Obj.:135.875571 ||objxPhy.:14390.990265 ||Vol.:  0.300 ||ch.: 52.400
 It.:    2 ||Obj.: 29.642692 ||objxPhy.:139.183528 ||Vol.:  0.300 ||ch.: 30.000
 It.:    3 ||Obj.: 24.474794 ||objxPhy.:659.195429 ||Vol.:  0.300 ||ch.: 24.000
 It.:    4 ||Obj.:  5.220433 ||objxPhy.:161.367767 ||Vol.:  0.300 ||ch.: 32.000
 It.:    5 ||Obj.:  3.639376 ||objxPhy.: 29.777178 ||Vol.:  0.300 ||ch.: 18.000
 It.:    6 ||Obj.:  2.334064 ||objxPhy.:-18.541682 ||Vol.:  0.300 ||ch.: 28.000
 It.:    7 ||Obj.:  2.025717 ||objxPhy.:-17.645760 ||Vol.:  0.300 ||ch.: 15.000
 It.:    8 ||Obj.:  1.586893 ||objxPhy.:-22.080695 ||Vol.:  0.300 ||ch.: 20.000
 It.:    9 ||Obj.:  1.488852 ||objxPhy.:-22.850367 ||Vol.:  0.300 ||ch.: 11.000
 It.:   10 ||Obj.:  1.280137 ||objxPhy.:-26.562878 ||Vol.:  0.300 ||ch.: 10.000
 It.:   11 ||Obj.:  1.135875 ||objxPhy.:-25.563636 ||Vol.:  0.300 ||ch.:  5.000
 It.:   12 ||Obj.:  1.030037 ||objxPhy.:-26.427315 ||Vol.:  0.300 ||ch.:  4.000
 It.:   13 ||Obj.:  0.974756 ||objxPhy.:-26.931178 ||Vol.:  0.300 ||ch.:  3.000
 It.:   14 ||Obj.:  0.933946 ||objxPhy.:-27.566319 ||Vol.:  0.300 ||ch.:  3.000
 It.:   15 ||Obj.:  0.902771 ||objxPhy.:-27.655635 ||Vol.:  0.300 ||ch.:  3.000
 It.:   16 ||Obj.:  0.884727 ||objxPhy.:-27.698770 ||Vol.:  0.300 ||ch.:  2.000
 It.:   17 ||Obj.:  0.932272 ||objxPhy.:-24.689061 ||Vol.:  0.300 ||ch.:  3.000
 It.:   18 ||Obj.:  0.856985 ||objxPhy.:-28.002780 ||Vol.:  0.300 ||ch.: 11.000
 It.:   19 ||Obj.:  1.563601 ||objxPhy.: 69.434276 ||Vol.:  0.300 ||ch.: 12.000
 It.:   20 ||Obj.:  0.847573 ||objxPhy.:-27.824852 ||Vol.:  0.300 ||ch.: 15.000
 It.:   21 ||Obj.:  1.733551 ||objxPhy.: 56.677316 ||Vol.:  0.300 ||ch.: 13.000
 It.:   22 ||Obj.:  0.813381 ||objxPhy.:-28.136041 ||Vol.:  0.300 ||ch.: 13.000
 It.:   23 ||Obj.:  1.417765 ||objxPhy.: 70.494863 ||Vol.:  0.300 ||ch.: 13.000
 It.:   24 ||Obj.:  0.772787 ||objxPhy.:-28.093626 ||Vol.:  0.300 ||ch.: 14.000
 It.:   25 ||Obj.:  1.273335 ||objxPhy.: 50.711827 ||Vol.:  0.300 ||ch.: 13.000
 It.:   26 ||Obj.:  0.767517 ||objxPhy.:-29.392722 ||Vol.:  0.300 ||ch.: 13.000
 It.:   27 ||Obj.:  1.254058 ||objxPhy.: 53.027214 ||Vol.:  0.300 ||ch.: 14.000
 It.:   28 ||Obj.:  0.730132 ||objxPhy.:-28.920179 ||Vol.:  0.300 ||ch.: 11.000
 It.:   29 ||Obj.:  1.101566 ||objxPhy.: 20.868197 ||Vol.:  0.300 ||ch.: 11.000
 It.:   30 ||Obj.:  0.699638 ||objxPhy.:-29.002067 ||Vol.:  0.300 ||ch.:  7.000
 sharp interface energy:    0.671145
--------------------------------------
--------------------------------------
Displaying
bc:left_up_down_bdc_left_down_qin | objectfunc:right_down | Vforce:0.00000 | delta_x:0.01000 | volfrac:0.30000
Emin:66.66667 | E0:13333.33333 | gamma:0.000000 | tau:0.01000 | lambda:1.00000 | w:5.00000
 It.:    1 ||Obj.: 73.465118 ||objxPhy.:7940.092980 ||Vol.:  0.300 ||ch.: 52.800
 It.:    2 ||Obj.: 16.802690 ||objxPhy.: 81.688065 ||Vol.:  0.300 ||ch.: 23.000
 It.:    3 ||Obj.: 14.467783 ||objxPhy.:226.634228 ||Vol.:  0.300 ||ch.: 21.000
 It.:    4 ||Obj.:  9.236684 ||objxPhy.:492.900771 ||Vol.:  0.300 ||ch.: 23.000
 It.:    5 ||Obj.:  3.309315 ||objxPhy.: 85.237348 ||Vol.:  0.300 ||ch.: 23.000
 It.:    6 ||Obj.:  1.680720 ||objxPhy.: -4.811333 ||Vol.:  0.300 ||ch.: 12.000
 It.:    7 ||Obj.:  1.468729 ||objxPhy.: -5.412350 ||Vol.:  0.300 ||ch.:  8.000
 It.:    8 ||Obj.:  1.338691 ||objxPhy.: -5.226447 ||Vol.:  0.300 ||ch.:  4.000
 It.:    9 ||Obj.:  1.240075 ||objxPhy.: -5.109938 ||Vol.:  0.300 ||ch.:  4.000
 It.:   10 ||Obj.:  1.158767 ||objxPhy.: -5.227010 ||Vol.:  0.300 ||ch.:  6.000
 It.:   11 ||Obj.:  1.097967 ||objxPhy.: -5.154026 ||Vol.:  0.300 ||ch.:  4.000
 It.:   12 ||Obj.:  1.048411 ||objxPhy.: -5.488478 ||Vol.:  0.300 ||ch.:  2.000
 It.:   13 ||Obj.:  1.012848 ||objxPhy.: -5.400218 ||Vol.:  0.300 ||ch.:  2.000
 It.:   14 ||Obj.:  0.985416 ||objxPhy.: -5.494047 ||Vol.:  0.300 ||ch.:  2.000
 It.:   15 ||Obj.:  0.961899 ||objxPhy.: -5.543940 ||Vol.:  0.300 ||ch.:  3.000
 It.:   16 ||Obj.:  0.942539 ||objxPhy.: -5.606537 ||Vol.:  0.300 ||ch.:  2.000
 It.:   17 ||Obj.:  0.927592 ||objxPhy.: -5.743501 ||Vol.:  0.300 ||ch.:  2.000
 It.:   18 ||Obj.:  0.915305 ||objxPhy.: -5.767234 ||Vol.:  0.300 ||ch.:  3.000
 It.:   19 ||Obj.:  0.903626 ||objxPhy.: -5.817207 ||Vol.:  0.300 ||ch.:  2.000
 It.:   20 ||Obj.:  0.893667 ||objxPhy.: -5.826805 ||Vol.:  0.300 ||ch.:  2.000
 It.:   21 ||Obj.:  0.884777 ||objxPhy.: -5.889394 ||Vol.:  0.300 ||ch.:  3.000
 It.:   22 ||Obj.:  0.875425 ||objxPhy.: -5.918688 ||Vol.:  0.300 ||ch.:  2.000
 It.:   23 ||Obj.:  0.867722 ||objxPhy.: -5.931649 ||Vol.:  0.300 ||ch.:  3.000
 It.:   24 ||Obj.:  0.859194 ||objxPhy.: -6.053673 ||Vol.:  0.300 ||ch.:  3.000
 It.:   25 ||Obj.:  0.852406 ||objxPhy.: -6.068198 ||Vol.:  0.300 ||ch.:  5.000
 It.:   26 ||Obj.:  0.842887 ||objxPhy.: -6.066581 ||Vol.:  0.300 ||ch.:  8.000
 It.:   27 ||Obj.:  0.824247 ||objxPhy.: -6.092096 ||Vol.:  0.300 ||ch.:  2.000
 It.:   28 ||Obj.:  0.816230 ||objxPhy.: -6.312777 ||Vol.:  0.300 ||ch.:  2.000
 It.:   29 ||Obj.:  0.812825 ||objxPhy.: -6.233222 ||Vol.:  0.300 ||ch.:  2.000
 It.:   30 ||Obj.:  0.811155 ||objxPhy.: -6.393365 ||Vol.:  0.300 ||ch.:  2.000
 It.:   31 ||Obj.:  0.804288 ||objxPhy.: -6.337051 ||Vol.:  0.300 ||ch.:  2.000
 It.:   32 ||Obj.:  0.802109 ||objxPhy.: -6.339941 ||Vol.:  0.300 ||ch.:  1.000
 It.:   33 ||Obj.:  0.800428 ||objxPhy.: -6.342062 ||Vol.:  0.300 ||ch.:  2.000
 It.:   34 ||Obj.:  0.798763 ||objxPhy.: -6.347475 ||Vol.:  0.300 ||ch.:  2.000
 It.:   35 ||Obj.:  0.797148 ||objxPhy.: -6.356293 ||Vol.:  0.300 ||ch.:  1.000
 It.:   36 ||Obj.:  0.795889 ||objxPhy.: -6.367812 ||Vol.:  0.300 ||ch.:  1.000
 It.:   37 ||Obj.:  0.795041 ||objxPhy.: -6.370353 ||Vol.:  0.300 ||ch.:  1.000
 It.:   38 ||Obj.:  0.794431 ||objxPhy.: -6.372401 ||Vol.:  0.300 ||ch.:  1.000
 It.:   39 ||Obj.:  0.793974 ||objxPhy.: -6.374088 ||Vol.:  0.300 ||ch.:  2.000
 It.:   40 ||Obj.:  0.793771 ||objxPhy.: -6.374694 ||Vol.:  0.300 ||ch.:  1.000
 It.:   41 ||Obj.:  0.793636 ||objxPhy.: -6.374849 ||Vol.:  0.300 ||ch.:  1.000
 It.:   42 ||Obj.:  0.793433 ||objxPhy.: -6.373399 ||Vol.:  0.300 ||ch.:  1.000
 It.:   43 ||Obj.:  0.793049 ||objxPhy.: -6.373228 ||Vol.:  0.300 ||ch.:  1.000
 It.:   44 ||Obj.:  0.792367 ||objxPhy.: -6.375269 ||Vol.:  0.300 ||ch.:  1.000
 It.:   45 ||Obj.:  0.791796 ||objxPhy.: -6.376872 ||Vol.:  0.300 ||ch.:  1.000
 It.:   46 ||Obj.:  0.791139 ||objxPhy.: -6.376296 ||Vol.:  0.300 ||ch.:  1.000
 It.:   47 ||Obj.:  0.790895 ||objxPhy.: -6.376569 ||Vol.:  0.300 ||ch.:  1.000
 It.:   48 ||Obj.:  0.790809 ||objxPhy.: -6.376192 ||Vol.:  0.300 ||ch.:  2.000
 It.:   49 ||Obj.:  0.790608 ||objxPhy.: -6.375974 ||Vol.:  0.300 ||ch.:  1.000
 It.:   50 ||Obj.:  0.790391 ||objxPhy.: -6.375799 ||Vol.:  0.300 ||ch.:  1.000
 It.:   51 ||Obj.:  0.790301 ||objxPhy.: -6.375705 ||Vol.:  0.300 ||ch.:  0.000
 sharp interface energy:    0.653091
--------------------------------------
--------------------------------------
Displaying
bc:left_up_down_bdc_left_down_qin | objectfunc:right_down | Vforce:0.00000 | delta_x:0.01000 | volfrac:0.30000
Emin:66.66667 | E0:13333.33333 | gamma:0.000000 | tau:0.01000 | lambda:1.00000 | w:5.00000
 It.:    1 ||Obj.: 73.465118 ||objxPhy.:7940.092980 ||Vol.:  0.300 ||ch.: 52.800
 It.:    2 ||Obj.: 16.802690 ||objxPhy.: 81.688065 ||Vol.:  0.300 ||ch.: 23.000
 It.:    3 ||Obj.: 14.467783 ||objxPhy.:226.634228 ||Vol.:  0.300 ||ch.: 21.000
 It.:    4 ||Obj.:  9.236684 ||objxPhy.:492.900771 ||Vol.:  0.300 ||ch.: 23.000
 It.:    5 ||Obj.:  3.309315 ||objxPhy.: 85.237348 ||Vol.:  0.300 ||ch.: 23.000
 It.:    6 ||Obj.:  1.680720 ||objxPhy.: -4.811333 ||Vol.:  0.300 ||ch.: 12.000
 It.:    7 ||Obj.:  1.468729 ||objxPhy.: -5.412350 ||Vol.:  0.300 ||ch.:  8.000
 It.:    8 ||Obj.:  1.338691 ||objxPhy.: -5.226447 ||Vol.:  0.300 ||ch.:  4.000
 It.:    9 ||Obj.:  1.240075 ||objxPhy.: -5.109938 ||Vol.:  0.300 ||ch.:  4.000
 It.:   10 ||Obj.:  1.158767 ||objxPhy.: -5.227010 ||Vol.:  0.300 ||ch.:  6.000
 It.:   11 ||Obj.:  1.097967 ||objxPhy.: -5.154026 ||Vol.:  0.300 ||ch.:  4.000
 It.:   12 ||Obj.:  1.048411 ||objxPhy.: -5.488478 ||Vol.:  0.300 ||ch.:  2.000
 It.:   13 ||Obj.:  1.012848 ||objxPhy.: -5.400218 ||Vol.:  0.300 ||ch.:  2.000
 It.:   14 ||Obj.:  0.985416 ||objxPhy.: -5.494047 ||Vol.:  0.300 ||ch.:  2.000
 It.:   15 ||Obj.:  0.961899 ||objxPhy.: -5.543940 ||Vol.:  0.300 ||ch.:  3.000
 It.:   16 ||Obj.:  0.942539 ||objxPhy.: -5.606537 ||Vol.:  0.300 ||ch.:  2.000
 It.:   17 ||Obj.:  0.927592 ||objxPhy.: -5.743501 ||Vol.:  0.300 ||ch.:  2.000
 It.:   18 ||Obj.:  0.915305 ||objxPhy.: -5.767234 ||Vol.:  0.300 ||ch.:  3.000
 It.:   19 ||Obj.:  0.903626 ||objxPhy.: -5.817207 ||Vol.:  0.300 ||ch.:  2.000
 It.:   20 ||Obj.:  0.893667 ||objxPhy.: -5.826805 ||Vol.:  0.300 ||ch.:  2.000
 It.:   21 ||Obj.:  0.884777 ||objxPhy.: -5.889394 ||Vol.:  0.300 ||ch.:  3.000
 It.:   22 ||Obj.:  0.875425 ||objxPhy.: -5.918688 ||Vol.:  0.300 ||ch.:  2.000
 It.:   23 ||Obj.:  0.867722 ||objxPhy.: -5.931649 ||Vol.:  0.300 ||ch.:  3.000
 It.:   24 ||Obj.:  0.859194 ||objxPhy.: -6.053673 ||Vol.:  0.300 ||ch.:  3.000
 It.:   25 ||Obj.:  0.852406 ||objxPhy.: -6.068198 ||Vol.:  0.300 ||ch.:  5.000
 It.:   26 ||Obj.:  0.842887 ||objxPhy.: -6.066581 ||Vol.:  0.300 ||ch.:  8.000
 It.:   27 ||Obj.:  0.824247 ||objxPhy.: -6.092096 ||Vol.:  0.300 ||ch.:  2.000
 It.:   28 ||Obj.:  0.816230 ||objxPhy.: -6.312777 ||Vol.:  0.300 ||ch.:  2.000
 It.:   29 ||Obj.:  0.812825 ||objxPhy.: -6.233222 ||Vol.:  0.300 ||ch.:  2.000
 It.:   30 ||Obj.:  0.811155 ||objxPhy.: -6.393365 ||Vol.:  0.300 ||ch.:  2.000
 It.:   31 ||Obj.:  0.804288 ||objxPhy.: -6.337051 ||Vol.:  0.300 ||ch.:  2.000
 It.:   32 ||Obj.:  0.802109 ||objxPhy.: -6.339941 ||Vol.:  0.300 ||ch.:  1.000
 It.:   33 ||Obj.:  0.800428 ||objxPhy.: -6.342062 ||Vol.:  0.300 ||ch.:  2.000
 It.:   34 ||Obj.:  0.798763 ||objxPhy.: -6.347475 ||Vol.:  0.300 ||ch.:  2.000
 It.:   35 ||Obj.:  0.797148 ||objxPhy.: -6.356293 ||Vol.:  0.300 ||ch.:  1.000
 It.:   36 ||Obj.:  0.795889 ||objxPhy.: -6.367812 ||Vol.:  0.300 ||ch.:  1.000
 It.:   37 ||Obj.:  0.795041 ||objxPhy.: -6.370353 ||Vol.:  0.300 ||ch.:  1.000
Displaying
bc:left_up_down_bdc_left_down_qin | objectfunc:right_down | Vforce:0.00000 | delta_x:0.01000 | volfrac:0.30000
Emin:1333.33333 | E0:13333.33333 | gamma:0.000000 | tau:0.01000 | lambda:1.00000 | w:5.00000
 It.:    1 ||Obj.:  3.822490 ||objxPhy.:  8.191132 ||Vol.:  0.300 ||ch.: 52.800
 It.:    2 ||Obj.:  1.289296 ||objxPhy.: -3.591942 ||Vol.:  0.300 ||ch.: 23.000
 It.:    3 ||Obj.:  1.239614 ||objxPhy.: -3.250832 ||Vol.:  0.300 ||ch.: 20.000
 It.:    4 ||Obj.:  1.147975 ||objxPhy.: -2.686689 ||Vol.:  0.300 ||ch.: 21.000
 It.:    5 ||Obj.:  0.983123 ||objxPhy.: -2.755227 ||Vol.:  0.300 ||ch.: 18.000
 It.:    6 ||Obj.:  0.956724 ||objxPhy.: -2.712752 ||Vol.:  0.300 ||ch.: 10.000
 It.:    7 ||Obj.:  0.938918 ||objxPhy.: -2.671975 ||Vol.:  0.300 ||ch.:  6.000
 It.:    8 ||Obj.:  0.924977 ||objxPhy.: -2.638841 ||Vol.:  0.300 ||ch.:  7.000
 It.:    9 ||Obj.:  0.913775 ||objxPhy.: -2.615841 ||Vol.:  0.300 ||ch.:  8.000
 It.:   10 ||Obj.:  0.905426 ||objxPhy.: -2.598144 ||Vol.:  0.300 ||ch.:  8.000
 It.:   11 ||Obj.:  0.899287 ||objxPhy.: -2.585241 ||Vol.:  0.300 ||ch.:  6.000
 It.:   12 ||Obj.:  0.894222 ||objxPhy.: -2.575999 ||Vol.:  0.300 ||ch.:  6.000
 It.:   13 ||Obj.:  0.889749 ||objxPhy.: -2.570238 ||Vol.:  0.300 ||ch.:  6.000
 It.:   14 ||Obj.:  0.885600 ||objxPhy.: -2.560741 ||Vol.:  0.300 ||ch.:  7.000
 It.:   15 ||Obj.:  0.880070 ||objxPhy.: -2.570568 ||Vol.:  0.300 ||ch.:  4.000
 It.:   16 ||Obj.:  0.877436 ||objxPhy.: -2.568501 ||Vol.:  0.300 ||ch.:  3.000
 It.:   17 ||Obj.:  0.875570 ||objxPhy.: -2.565883 ||Vol.:  0.300 ||ch.:  3.000
 It.:   18 ||Obj.:  0.874147 ||objxPhy.: -2.563652 ||Vol.:  0.300 ||ch.:  3.000
 It.:   19 ||Obj.:  0.873042 ||objxPhy.: -2.561788 ||Vol.:  0.300 ||ch.:  3.000
 It.:   20 ||Obj.:  0.872107 ||objxPhy.: -2.559666 ||Vol.:  0.300 ||ch.:  4.000
 It.:   21 ||Obj.:  0.871432 ||objxPhy.: -2.557091 ||Vol.:  0.300 ||ch.:  2.000
 It.:   22 ||Obj.:  0.870673 ||objxPhy.: -2.554626 ||Vol.:  0.300 ||ch.:  2.000
 It.:   23 ||Obj.:  0.870177 ||objxPhy.: -2.553491 ||Vol.:  0.300 ||ch.:  2.000
 It.:   24 ||Obj.:  0.869725 ||objxPhy.: -2.552812 ||Vol.:  0.300 ||ch.:  2.000
 It.:   25 ||Obj.:  0.869246 ||objxPhy.: -2.552695 ||Vol.:  0.300 ||ch.:  2.000
 It.:   26 ||Obj.:  0.868793 ||objxPhy.: -2.552699 ||Vol.:  0.300 ||ch.:  2.000
 It.:   27 ||Obj.:  0.868359 ||objxPhy.: -2.551599 ||Vol.:  0.300 ||ch.:  2.000
 It.:   28 ||Obj.:  0.868063 ||objxPhy.: -2.550362 ||Vol.:  0.300 ||ch.:  2.000
 It.:   29 ||Obj.:  0.867747 ||objxPhy.: -2.549356 ||Vol.:  0.300 ||ch.:  3.000
 It.:   30 ||Obj.:  0.867472 ||objxPhy.: -2.548216 ||Vol.:  0.300 ||ch.:  2.000
 It.:   31 ||Obj.:  0.867229 ||objxPhy.: -2.546939 ||Vol.:  0.300 ||ch.:  2.000
 It.:   32 ||Obj.:  0.866954 ||objxPhy.: -2.546545 ||Vol.:  0.300 ||ch.:  2.000
 It.:   33 ||Obj.:  0.866671 ||objxPhy.: -2.546142 ||Vol.:  0.300 ||ch.:  1.000
 It.:   34 ||Obj.:  0.866506 ||objxPhy.: -2.545959 ||Vol.:  0.300 ||ch.:  2.000
 It.:   35 ||Obj.:  0.866393 ||objxPhy.: -2.546330 ||Vol.:  0.300 ||ch.:  1.000
 It.:   36 ||Obj.:  0.866275 ||objxPhy.: -2.546496 ||Vol.:  0.300 ||ch.:  1.000
 It.:   37 ||Obj.:  0.866190 ||objxPhy.: -2.546872 ||Vol.:  0.300 ||ch.:  1.000
 It.:   38 ||Obj.:  0.866137 ||objxPhy.: -2.546798 ||Vol.:  0.300 ||ch.:  1.000
 It.:   39 ||Obj.:  0.866065 ||objxPhy.: -2.546957 ||Vol.:  0.300 ||ch.:  1.000
 It.:   40 ||Obj.:  0.866042 ||objxPhy.: -2.546926 ||Vol.:  0.300 ||ch.:  1.000
 It.:   41 ||Obj.:  0.866022 ||objxPhy.: -2.546756 ||Vol.:  0.300 ||ch.:  1.000
 It.:   42 ||Obj.:  0.865970 ||objxPhy.: -2.546760 ||Vol.:  0.300 ||ch.:  1.000
 It.:   43 ||Obj.:  0.865928 ||objxPhy.: -2.546809 ||Vol.:  0.300 ||ch.:  0.000
 sharp interface energy:    0.811217
--------------------------------------
--------------------------------------
Displaying
bc:left_up_down_bdc_left_down_qin | objectfunc:right_down | Vforce:0.00000 | delta_x:0.01000 | volfrac:0.30000
Emin:133.33333 | E0:13333.33333 | gamma:0.000000 | tau:0.01000 | lambda:1.00000 | w:5.00000
 It.:    1 ||Obj.: 36.811104 ||objxPhy.:1929.484901 ||Vol.:  0.300 ||ch.: 52.800
 It.:    2 ||Obj.:  8.689561 ||objxPhy.:  5.614434 ||Vol.:  0.300 ||ch.: 24.000
 It.:    3 ||Obj.:  7.613774 ||objxPhy.: 41.040528 ||Vol.:  0.300 ||ch.: 20.000
 It.:    4 ||Obj.:  5.434977 ||objxPhy.:109.614983 ||Vol.:  0.300 ||ch.: 21.000
 It.:    5 ||Obj.:  2.368875 ||objxPhy.: 10.525559 ||Vol.:  0.300 ||ch.: 24.000
 It.:    6 ||Obj.:  1.535081 ||objxPhy.: -4.246251 ||Vol.:  0.300 ||ch.:  8.000
 It.:    7 ||Obj.:  1.400703 ||objxPhy.: -4.272604 ||Vol.:  0.300 ||ch.:  8.000
 It.:    8 ||Obj.:  1.327236 ||objxPhy.: -4.209500 ||Vol.:  0.300 ||ch.:  4.000
 It.:    9 ||Obj.:  1.276155 ||objxPhy.: -4.138492 ||Vol.:  0.300 ||ch.:  3.000
 It.:   10 ||Obj.:  1.237092 ||objxPhy.: -4.126812 ||Vol.:  0.300 ||ch.:  3.000
 It.:   11 ||Obj.:  1.206210 ||objxPhy.: -4.117689 ||Vol.:  0.300 ||ch.:  2.000
 It.:   12 ||Obj.:  1.180183 ||objxPhy.: -4.132202 ||Vol.:  0.300 ||ch.:  3.000
 It.:   13 ||Obj.:  1.157055 ||objxPhy.: -4.104701 ||Vol.:  0.300 ||ch.:  2.000
 It.:   14 ||Obj.:  1.136499 ||objxPhy.: -4.129390 ||Vol.:  0.300 ||ch.:  3.000
 It.:   15 ||Obj.:  1.119294 ||objxPhy.: -4.116703 ||Vol.:  0.300 ||ch.:  3.000
 It.:   16 ||Obj.:  1.103842 ||objxPhy.: -4.146805 ||Vol.:  0.300 ||ch.:  3.000
 It.:   17 ||Obj.:  1.088523 ||objxPhy.: -4.123795 ||Vol.:  0.300 ||ch.:  3.000
 It.:   18 ||Obj.:  1.074704 ||objxPhy.: -4.132227 ||Vol.:  0.300 ||ch.:  4.000
 It.:   19 ||Obj.:  1.058939 ||objxPhy.: -4.115239 ||Vol.:  0.300 ||ch.:  3.000
 It.:   20 ||Obj.:  1.046619 ||objxPhy.: -4.117971 ||Vol.:  0.300 ||ch.:  3.000
 It.:   21 ||Obj.:  1.038392 ||objxPhy.: -4.125438 ||Vol.:  0.300 ||ch.:  3.000
 It.:   22 ||Obj.:  1.030500 ||objxPhy.: -4.173277 ||Vol.:  0.300 ||ch.:  3.000
 It.:   23 ||Obj.:  1.024362 ||objxPhy.: -4.154244 ||Vol.:  0.300 ||ch.:  2.000
 It.:   24 ||Obj.:  1.018989 ||objxPhy.: -4.201026 ||Vol.:  0.300 ||ch.:  3.000
 It.:   25 ||Obj.:  1.013877 ||objxPhy.: -4.165405 ||Vol.:  0.300 ||ch.:  3.000
 It.:   26 ||Obj.:  1.009235 ||objxPhy.: -4.246852 ||Vol.:  0.300 ||ch.:  2.000
 It.:   27 ||Obj.:  1.003860 ||objxPhy.: -4.227879 ||Vol.:  0.300 ||ch.:  2.000
 It.:   28 ||Obj.:  0.999682 ||objxPhy.: -4.233348 ||Vol.:  0.300 ||ch.:  2.000
 It.:   29 ||Obj.:  0.996657 ||objxPhy.: -4.260635 ||Vol.:  0.300 ||ch.:  2.000
 It.:   30 ||Obj.:  0.994274 ||objxPhy.: -4.237312 ||Vol.:  0.300 ||ch.:  3.000
 It.:   31 ||Obj.:  0.991301 ||objxPhy.: -4.285067 ||Vol.:  0.300 ||ch.:  4.000
 It.:   32 ||Obj.:  0.987772 ||objxPhy.: -4.236719 ||Vol.:  0.300 ||ch.:  4.000
 It.:   33 ||Obj.:  0.985427 ||objxPhy.: -4.316416 ||Vol.:  0.300 ||ch.:  4.000
 It.:   34 ||Obj.:  0.980080 ||objxPhy.: -4.311367 ||Vol.:  0.300 ||ch.:  5.000
 It.:   35 ||Obj.:  0.975608 ||objxPhy.: -4.313315 ||Vol.:  0.300 ||ch.:  1.000
 It.:   36 ||Obj.:  0.974326 ||objxPhy.: -4.313062 ||Vol.:  0.300 ||ch.:  2.000
 It.:   37 ||Obj.:  0.972752 ||objxPhy.: -4.338979 ||Vol.:  0.300 ||ch.:  2.000
 It.:   38 ||Obj.:  0.971215 ||objxPhy.: -4.310551 ||Vol.:  0.300 ||ch.:  2.000
 It.:   39 ||Obj.:  0.969930 ||objxPhy.: -4.338835 ||Vol.:  0.300 ||ch.:  2.000
 It.:   40 ||Obj.:  0.969160 ||objxPhy.: -4.311831 ||Vol.:  0.300 ||ch.:  2.000
 It.:   41 ||Obj.:  0.968613 ||objxPhy.: -4.340501 ||Vol.:  0.300 ||ch.:  1.000
 It.:   42 ||Obj.:  0.968365 ||objxPhy.: -4.312689 ||Vol.:  0.300 ||ch.:  1.000
 It.:   43 ||Obj.:  0.968008 ||objxPhy.: -4.336627 ||Vol.:  0.300 ||ch.:  1.000
 It.:   44 ||Obj.:  0.967957 ||objxPhy.: -4.310376 ||Vol.:  0.300 ||ch.:  1.000
 It.:   45 ||Obj.:  0.967794 ||objxPhy.: -4.338118 ||Vol.:  0.300 ||ch.:  1.000
 It.:   46 ||Obj.:  0.967807 ||objxPhy.: -4.310444 ||Vol.:  0.300 ||ch.:  1.000
 It.:   47 ||Obj.:  0.967537 ||objxPhy.: -4.338397 ||Vol.:  0.300 ||ch.:  2.000
 It.:   48 ||Obj.:  0.967223 ||objxPhy.: -4.339477 ||Vol.:  0.300 ||ch.:  1.000
 It.:   49 ||Obj.:  0.966978 ||objxPhy.: -4.340042 ||Vol.:  0.300 ||ch.:  1.000
 It.:   50 ||Obj.:  0.966791 ||objxPhy.: -4.340437 ||Vol.:  0.300 ||ch.:  1.000
 It.:   51 ||Obj.:  0.966573 ||objxPhy.: -4.340124 ||Vol.:  0.300 ||ch.:  1.000
 It.:   52 ||Obj.:  0.966098 ||objxPhy.: -4.339879 ||Vol.:  0.300 ||ch.:  1.000
 It.:   53 ||Obj.:  0.965604 ||objxPhy.: -4.339213 ||Vol.:  0.300 ||ch.:  1.000
 It.:   54 ||Obj.:  0.965287 ||objxPhy.: -4.338357 ||Vol.:  0.300 ||ch.:  1.000
 It.:   55 ||Obj.:  0.964718 ||objxPhy.: -4.337037 ||Vol.:  0.300 ||ch.:  1.000
 It.:   56 ||Obj.:  0.964078 ||objxPhy.: -4.336381 ||Vol.:  0.300 ||ch.:  1.000
 It.:   57 ||Obj.:  0.963840 ||objxPhy.: -4.336171 ||Vol.:  0.300 ||ch.:  2.000
 It.:   58 ||Obj.:  0.963538 ||objxPhy.: -4.335786 ||Vol.:  0.300 ||ch.:  1.000
 It.:   59 ||Obj.:  0.963104 ||objxPhy.: -4.333472 ||Vol.:  0.300 ||ch.:  1.000
 It.:   60 ||Obj.:  0.962837 ||objxPhy.: -4.332728 ||Vol.:  0.300 ||ch.:  1.000
 It.:   61 ||Obj.:  0.962640 ||objxPhy.: -4.332600 ||Vol.:  0.300 ||ch.:  1.000
 It.:   62 ||Obj.:  0.962549 ||objxPhy.: -4.332542 ||Vol.:  0.300 ||ch.:  0.000
 sharp interface energy:    0.801432
--------------------------------------
--------------------------------------
Displaying
bc:left_up_down_bdc_left_down_qin | objectfunc:right_down | Vforce:0.00000 | delta_x:0.01000 | volfrac:0.30000
Emin:66.66667 | E0:13333.33333 | gamma:0.000000 | tau:0.01000 | lambda:1.00000 | w:5.00000
 It.:    1 ||Obj.: 73.465118 ||objxPhy.:7940.092980 ||Vol.:  0.300 ||ch.: 52.800
 It.:    2 ||Obj.: 16.802690 ||objxPhy.: 81.688065 ||Vol.:  0.300 ||ch.: 23.000
 It.:    3 ||Obj.: 14.467783 ||objxPhy.:226.634228 ||Vol.:  0.300 ||ch.: 21.000
 It.:    4 ||Obj.:  9.236684 ||objxPhy.:492.900771 ||Vol.:  0.300 ||ch.: 23.000
 It.:    5 ||Obj.:  3.309315 ||objxPhy.: 85.237348 ||Vol.:  0.300 ||ch.: 23.000
 It.:    6 ||Obj.:  1.680720 ||objxPhy.: -4.811333 ||Vol.:  0.300 ||ch.: 12.000
 It.:    7 ||Obj.:  1.468729 ||objxPhy.: -5.412350 ||Vol.:  0.300 ||ch.:  8.000
 It.:    8 ||Obj.:  1.338691 ||objxPhy.: -5.226447 ||Vol.:  0.300 ||ch.:  4.000
 It.:    9 ||Obj.:  1.240075 ||objxPhy.: -5.109938 ||Vol.:  0.300 ||ch.:  4.000
 It.:   10 ||Obj.:  1.158767 ||objxPhy.: -5.227010 ||Vol.:  0.300 ||ch.:  6.000
 It.:   11 ||Obj.:  1.097967 ||objxPhy.: -5.154026 ||Vol.:  0.300 ||ch.:  4.000
 It.:   12 ||Obj.:  1.048411 ||objxPhy.: -5.488478 ||Vol.:  0.300 ||ch.:  2.000
 It.:   13 ||Obj.:  1.012848 ||objxPhy.: -5.400218 ||Vol.:  0.300 ||ch.:  2.000
 It.:   14 ||Obj.:  0.985416 ||objxPhy.: -5.494047 ||Vol.:  0.300 ||ch.:  2.000
 It.:   15 ||Obj.:  0.961899 ||objxPhy.: -5.543940 ||Vol.:  0.300 ||ch.:  3.000
 It.:   16 ||Obj.:  0.942539 ||objxPhy.: -5.606537 ||Vol.:  0.300 ||ch.:  2.000
 It.:   17 ||Obj.:  0.927592 ||objxPhy.: -5.743501 ||Vol.:  0.300 ||ch.:  2.000
 It.:   18 ||Obj.:  0.915305 ||objxPhy.: -5.767234 ||Vol.:  0.300 ||ch.:  3.000
 It.:   19 ||Obj.:  0.903626 ||objxPhy.: -5.817207 ||Vol.:  0.300 ||ch.:  2.000
 It.:   20 ||Obj.:  0.893667 ||objxPhy.: -5.826805 ||Vol.:  0.300 ||ch.:  2.000
 It.:   21 ||Obj.:  0.884777 ||objxPhy.: -5.889394 ||Vol.:  0.300 ||ch.:  3.000
 It.:   22 ||Obj.:  0.875425 ||objxPhy.: -5.918688 ||Vol.:  0.300 ||ch.:  2.000
 It.:   23 ||Obj.:  0.867722 ||objxPhy.: -5.931649 ||Vol.:  0.300 ||ch.:  3.000
 It.:   24 ||Obj.:  0.859194 ||objxPhy.: -6.053673 ||Vol.:  0.300 ||ch.:  3.000
 It.:   25 ||Obj.:  0.852406 ||objxPhy.: -6.068198 ||Vol.:  0.300 ||ch.:  5.000
 It.:   26 ||Obj.:  0.842887 ||objxPhy.: -6.066581 ||Vol.:  0.300 ||ch.:  8.000
 It.:   27 ||Obj.:  0.824247 ||objxPhy.: -6.092096 ||Vol.:  0.300 ||ch.:  2.000
 It.:   28 ||Obj.:  0.816230 ||objxPhy.: -6.312777 ||Vol.:  0.300 ||ch.:  2.000
 It.:   29 ||Obj.:  0.812825 ||objxPhy.: -6.233222 ||Vol.:  0.300 ||ch.:  2.000
 It.:   30 ||Obj.:  0.811155 ||objxPhy.: -6.393365 ||Vol.:  0.300 ||ch.:  2.000
 It.:   31 ||Obj.:  0.804288 ||objxPhy.: -6.337051 ||Vol.:  0.300 ||ch.:  2.000
 It.:   32 ||Obj.:  0.802109 ||objxPhy.: -6.339941 ||Vol.:  0.300 ||ch.:  1.000
 It.:   33 ||Obj.:  0.800428 ||objxPhy.: -6.342062 ||Vol.:  0.300 ||ch.:  2.000
 It.:   34 ||Obj.:  0.798763 ||objxPhy.: -6.347475 ||Vol.:  0.300 ||ch.:  2.000
 It.:   35 ||Obj.:  0.797148 ||objxPhy.: -6.356293 ||Vol.:  0.300 ||ch.:  1.000
 It.:   36 ||Obj.:  0.795889 ||objxPhy.: -6.367812 ||Vol.:  0.300 ||ch.:  1.000
 It.:   37 ||Obj.:  0.795041 ||objxPhy.: -6.370353 ||Vol.:  0.300 ||ch.:  1.000
 It.:   38 ||Obj.:  0.794431 ||objxPhy.: -6.372401 ||Vol.:  0.300 ||ch.:  1.000
 It.:   39 ||Obj.:  0.793974 ||objxPhy.: -6.374088 ||Vol.:  0.300 ||ch.:  2.000
 It.:   40 ||Obj.:  0.793771 ||objxPhy.: -6.374694 ||Vol.:  0.300 ||ch.:  1.000
 It.:   41 ||Obj.:  0.793636 ||objxPhy.: -6.374849 ||Vol.:  0.300 ||ch.:  1.000
 It.:   42 ||Obj.:  0.793433 ||objxPhy.: -6.373399 ||Vol.:  0.300 ||ch.:  1.000
 It.:   43 ||Obj.:  0.793049 ||objxPhy.: -6.373228 ||Vol.:  0.300 ||ch.:  1.000
 It.:   44 ||Obj.:  0.792367 ||objxPhy.: -6.375269 ||Vol.:  0.300 ||ch.:  1.000
 It.:   45 ||Obj.:  0.791796 ||objxPhy.: -6.376872 ||Vol.:  0.300 ||ch.:  1.000
 It.:   46 ||Obj.:  0.791139 ||objxPhy.: -6.376296 ||Vol.:  0.300 ||ch.:  1.000
 It.:   47 ||Obj.:  0.790895 ||objxPhy.: -6.376569 ||Vol.:  0.300 ||ch.:  1.000
 It.:   48 ||Obj.:  0.790809 ||objxPhy.: -6.376192 ||Vol.:  0.300 ||ch.:  2.000
 It.:   49 ||Obj.:  0.790608 ||objxPhy.: -6.375974 ||Vol.:  0.300 ||ch.:  1.000
 It.:   50 ||Obj.:  0.790391 ||objxPhy.: -6.375799 ||Vol.:  0.300 ||ch.:  1.000
 It.:   51 ||Obj.:  0.790301 ||objxPhy.: -6.375705 ||Vol.:  0.300 ||ch.:  0.000
 sharp interface energy:    0.653091
--------------------------------------
--------------------------------------
Displaying
bc:left_up_down_bdc_left_down_qin | objectfunc:right_down | Vforce:0.00000 | delta_x:0.01000 | volfrac:0.30000
Emin:13.33333 | E0:13333.33333 | gamma:0.000000 | tau:0.01000 | lambda:1.00000 | w:5.00000
 It.:    1 ||Obj.:366.697238 ||objxPhy.:202524.494754 ||Vol.:  0.300 ||ch.: 52.800
 It.:    2 ||Obj.: 80.001293 ||objxPhy.:8639.740639 ||Vol.:  0.300 ||ch.: 32.000
 It.:    3 ||Obj.: 58.100719 ||objxPhy.:10626.188964 ||Vol.:  0.300 ||ch.: 21.000
 It.:    4 ||Obj.: 11.163906 ||objxPhy.:3991.139571 ||Vol.:  0.300 ||ch.: 45.000
 It.:    5 ||Obj.:  2.008730 ||objxPhy.: 15.260578 ||Vol.:  0.300 ||ch.: 20.000
 It.:    6 ||Obj.:  1.332552 ||objxPhy.: -6.678258 ||Vol.:  0.300 ||ch.: 45.000
 It.:    7 ||Obj.:  1.323901 ||objxPhy.: -9.227637 ||Vol.:  0.287 ||ch.: 33.000
 It.:    8 ||Obj.:  1.907120 ||objxPhy.:146.752200 ||Vol.:  0.300 ||ch.: 32.000
 It.:    9 ||Obj.:  1.860228 ||objxPhy.: 13.224625 ||Vol.:  0.239 ||ch.: 56.000
 It.:   10 ||Obj.: 11.552227 ||objxPhy.:6496.157193 ||Vol.:  0.300 ||ch.: 45.000
 It.:   11 ||Obj.: 11.562070 ||objxPhy.:2303.631456 ||Vol.:  0.300 ||ch.: 26.000
 It.:   12 ||Obj.:  1.945722 ||objxPhy.: -1.677864 ||Vol.:  0.300 ||ch.: 52.000
 It.:   13 ||Obj.:  1.249019 ||objxPhy.: -5.579005 ||Vol.:  0.290 ||ch.: 32.000
 It.:   14 ||Obj.:  4.564759 ||objxPhy.:1057.613634 ||Vol.:  0.300 ||ch.: 34.000
 It.:   15 ||Obj.:  3.920306 ||objxPhy.:281.609884 ||Vol.:  0.300 ||ch.: 48.000
 It.:   16 ||Obj.: 22.099303 ||objxPhy.:13810.069265 ||Vol.:  0.300 ||ch.: 41.000
 It.:   17 ||Obj.:  2.847046 ||objxPhy.:673.797944 ||Vol.:  0.300 ||ch.: 28.000
 It.:   18 ||Obj.:  2.522083 ||objxPhy.: 79.870072 ||Vol.:  0.300 ||ch.: 43.000
 It.:   19 ||Obj.:  6.661967 ||objxPhy.:2375.167955 ||Vol.:  0.300 ||ch.: 47.000
 It.:   20 ||Obj.:  2.656566 ||objxPhy.: 33.196594 ||Vol.:  0.300 ||ch.: 50.000
Displaying
bc:left_up_down_bdc_left_down_qin | objectfunc:right_down | Vforce:0.00000 | delta_x:0.01000 | volfrac:0.30000
Emin:66.66667 | E0:13333.33333 | gamma:0.000000 | tau:0.01000 | lambda:1.00000 | w:5.00000
 It.:    1 ||Obj.:187.283734 ||objxPhy.:-424.611511 ||Vol.:  0.300 ||ch.: 52.800
 It.:    2 ||Obj.:122.684714 ||objxPhy.:-355.849030 ||Vol.:  0.300 ||ch.: 51.000
 It.:    3 ||Obj.:124.071918 ||objxPhy.:-358.641642 ||Vol.:  0.300 ||ch.: 48.000
 It.:    4 ||Obj.:127.965247 ||objxPhy.:-369.332708 ||Vol.:  0.300 ||ch.: 50.000
 It.:    5 ||Obj.:136.695129 ||objxPhy.:-390.136446 ||Vol.:  0.300 ||ch.: 47.000
 It.:    6 ||Obj.:141.123684 ||objxPhy.:-389.997454 ||Vol.:  0.300 ||ch.: 45.000
 It.:    7 ||Obj.:136.392607 ||objxPhy.:-379.082290 ||Vol.:  0.300 ||ch.: 48.000
 It.:    8 ||Obj.:132.830904 ||objxPhy.:-376.749635 ||Vol.:  0.300 ||ch.: 53.000
 It.:    9 ||Obj.:136.467761 ||objxPhy.:-390.880099 ||Vol.:  0.300 ||ch.: 53.000
 It.:   10 ||Obj.:144.594007 ||objxPhy.:-384.899396 ||Vol.:  0.300 ||ch.: 51.000
 It.:   11 ||Obj.:131.943676 ||objxPhy.:-384.218452 ||Vol.:  0.300 ||ch.: 49.000
 It.:   12 ||Obj.:147.545768 ||objxPhy.:-389.609462 ||Vol.:  0.300 ||ch.: 46.000
 It.:   13 ||Obj.:134.569421 ||objxPhy.:-381.814372 ||Vol.:  0.300 ||ch.: 47.000
 It.:   14 ||Obj.:135.745915 ||objxPhy.:-385.538501 ||Vol.:  0.300 ||ch.: 55.000
 It.:   15 ||Obj.:140.124242 ||objxPhy.:-381.499269 ||Vol.:  0.300 ||ch.: 52.000
 It.:   16 ||Obj.:132.249524 ||objxPhy.:-378.464764 ||Vol.:  0.300 ||ch.: 46.000
 It.:   17 ||Obj.:143.023700 ||objxPhy.:-388.571511 ||Vol.:  0.300 ||ch.: 48.000
 It.:   18 ||Obj.:136.959161 ||objxPhy.:-380.131993 ||Vol.:  0.300 ||ch.: 43.000
 It.:   19 ||Obj.:136.095152 ||objxPhy.:-379.884966 ||Vol.:  0.300 ||ch.: 50.000
 It.:   20 ||Obj.:136.688952 ||objxPhy.:-383.207648 ||Vol.:  0.300 ||ch.: 54.000
 It.:   21 ||Obj.:137.851012 ||objxPhy.:-379.246610 ||Vol.:  0.300 ||ch.: 51.000
 It.:   22 ||Obj.:143.653991 ||objxPhy.:-403.812200 ||Vol.:  0.300 ||ch.: 51.000
 It.:   23 ||Obj.:145.088605 ||objxPhy.:-383.039132 ||Vol.:  0.300 ||ch.: 51.000
 It.:   24 ||Obj.:132.560975 ||objxPhy.:-379.445769 ||Vol.:  0.300 ||ch.: 51.000
 It.:   25 ||Obj.:139.523314 ||objxPhy.:-385.731161 ||Vol.:  0.300 ||ch.: 44.000
 It.:   26 ||Obj.:137.341248 ||objxPhy.:-380.085404 ||Vol.:  0.300 ||ch.: 48.000
 It.:   27 ||Obj.:133.077219 ||objxPhy.:-377.778068 ||Vol.:  0.300 ||ch.: 45.000
 It.:   28 ||Obj.:142.575633 ||objxPhy.:-394.314471 ||Vol.:  0.300 ||ch.: 53.000
 It.:   29 ||Obj.:137.572392 ||objxPhy.:-382.916047 ||Vol.:  0.300 ||ch.: 43.000
 It.:   30 ||Obj.:137.420401 ||objxPhy.:-383.529805 ||Vol.:  0.300 ||ch.: 45.000
 It.:   31 ||Obj.:134.997592 ||objxPhy.:-375.745050 ||Vol.:  0.300 ||ch.: 42.000
 It.:   32 ||Obj.:135.201362 ||objxPhy.:-379.773021 ||Vol.:  0.300 ||ch.: 49.000
 It.:   33 ||Obj.:133.566360 ||objxPhy.:-376.018653 ||Vol.:  0.300 ||ch.: 43.000
 It.:   34 ||Obj.:137.606336 ||objxPhy.:-381.818840 ||Vol.:  0.300 ||ch.: 46.000
 It.:   35 ||Obj.:134.654009 ||objxPhy.:-379.981087 ||Vol.:  0.300 ||ch.: 42.000
 It.:   36 ||Obj.:136.048841 ||objxPhy.:-377.651190 ||Vol.:  0.300 ||ch.: 47.000
 It.:   37 ||Obj.:136.579839 ||objxPhy.:-385.165237 ||Vol.:  0.300 ||ch.: 44.000
 It.:   38 ||Obj.:136.560298 ||objxPhy.:-378.095921 ||Vol.:  0.300 ||ch.: 53.000
 It.:   39 ||Obj.:136.179456 ||objxPhy.:-383.106908 ||Vol.:  0.300 ||ch.: 43.000
 It.:   40 ||Obj.:137.863651 ||objxPhy.:-377.328113 ||Vol.:  0.300 ||ch.: 40.000
 It.:   41 ||Obj.:136.293117 ||objxPhy.:-389.919165 ||Vol.:  0.300 ||ch.: 48.000
 It.:   42 ||Obj.:135.401266 ||objxPhy.:-379.911528 ||Vol.:  0.300 ||ch.: 45.000
 It.:   43 ||Obj.:133.125870 ||objxPhy.:-381.640550 ||Vol.:  0.300 ||ch.: 43.000
 It.:   44 ||Obj.:141.570497 ||objxPhy.:-385.360819 ||Vol.:  0.300 ||ch.: 47.000
 It.:   45 ||Obj.:135.374081 ||objxPhy.:-380.758233 ||Vol.:  0.300 ||ch.: 51.000
 It.:   46 ||Obj.:135.238597 ||objxPhy.:-376.619909 ||Vol.:  0.300 ||ch.: 42.000
 It.:   47 ||Obj.:137.245313 ||objxPhy.:-386.346146 ||Vol.:  0.300 ||ch.: 43.000
 It.:   48 ||Obj.:134.733809 ||objxPhy.:-374.365938 ||Vol.:  0.300 ||ch.: 43.000
 It.:   49 ||Obj.:133.792179 ||objxPhy.:-376.283390 ||Vol.:  0.300 ||ch.: 54.000
 It.:   50 ||Obj.:134.467865 ||objxPhy.:-377.335736 ||Vol.:  0.300 ||ch.: 44.000
 It.:   51 ||Obj.:137.644525 ||objxPhy.:-379.736769 ||Vol.:  0.300 ||ch.: 45.000
 It.:   52 ||Obj.:133.571584 ||objxPhy.:-380.328228 ||Vol.:  0.300 ||ch.: 54.000
 It.:   53 ||Obj.:136.918973 ||objxPhy.:-382.618320 ||Vol.:  0.300 ||ch.: 47.000
 It.:   54 ||Obj.:138.559541 ||objxPhy.:-378.371575 ||Vol.:  0.300 ||ch.: 42.000
 It.:   55 ||Obj.:131.491204 ||objxPhy.:-384.404272 ||Vol.:  0.300 ||ch.: 53.000
 It.:   56 ||Obj.:145.938522 ||objxPhy.:-391.321708 ||Vol.:  0.300 ||ch.: 46.000
 It.:   57 ||Obj.:136.474470 ||objxPhy.:-380.453339 ||Vol.:  0.300 ||ch.: 45.000
 It.:   58 ||Obj.:137.738936 ||objxPhy.:-389.383337 ||Vol.:  0.300 ||ch.: 47.000
 It.:   59 ||Obj.:139.722194 ||objxPhy.:-380.167630 ||Vol.:  0.300 ||ch.: 45.000
 It.:   60 ||Obj.:135.226345 ||objxPhy.:-378.923963 ||Vol.:  0.300 ||ch.: 50.000
 It.:   61 ||Obj.:133.420199 ||objxPhy.:-380.014843 ||Vol.:  0.300 ||ch.: 46.000
 It.:   62 ||Obj.:140.133688 ||objxPhy.:-381.879263 ||Vol.:  0.300 ||ch.: 44.000
 It.:   63 ||Obj.:138.521568 ||objxPhy.:-383.081177 ||Vol.:  0.300 ||ch.: 45.000
 It.:   64 ||Obj.:133.876353 ||objxPhy.:-376.854166 ||Vol.:  0.300 ||ch.: 45.000
 It.:   65 ||Obj.:140.639969 ||objxPhy.:-382.989076 ||Vol.:  0.300 ||ch.: 45.000
 It.:   66 ||Obj.:131.642968 ||objxPhy.:-377.676024 ||Vol.:  0.300 ||ch.: 45.000
 It.:   67 ||Obj.:141.589410 ||objxPhy.:-384.536150 ||Vol.:  0.300 ||ch.: 47.000
 It.:   68 ||Obj.:130.591764 ||objxPhy.:-377.428924 ||Vol.:  0.300 ||ch.: 45.000
 It.:   69 ||Obj.:144.470079 ||objxPhy.:-389.085079 ||Vol.:  0.300 ||ch.: 46.000
 It.:   70 ||Obj.:133.474353 ||objxPhy.:-377.969175 ||Vol.:  0.300 ||ch.: 46.000
 It.:   71 ||Obj.:140.180596 ||objxPhy.:-383.243034 ||Vol.:  0.300 ||ch.: 46.000
 It.:   72 ||Obj.:132.731964 ||objxPhy.:-375.951358 ||Vol.:  0.300 ||ch.: 42.000
 It.:   73 ||Obj.:136.435992 ||objxPhy.:-383.433385 ||Vol.:  0.300 ||ch.: 60.000
 It.:   74 ||Obj.:134.767944 ||objxPhy.:-375.463541 ||Vol.:  0.300 ||ch.: 50.000
 It.:   75 ||Obj.:132.570035 ||objxPhy.:-375.441098 ||Vol.:  0.300 ||ch.: 51.000
 It.:   76 ||Obj.:136.264451 ||objxPhy.:-376.798332 ||Vol.:  0.300 ||ch.: 45.000
 It.:   77 ||Obj.:132.950966 ||objxPhy.:-378.395797 ||Vol.:  0.300 ||ch.: 47.000
 It.:   78 ||Obj.:139.648313 ||objxPhy.:-382.102634 ||Vol.:  0.300 ||ch.: 44.000
 It.:   79 ||Obj.:135.129517 ||objxPhy.:-379.574518 ||Vol.:  0.300 ||ch.: 55.000
 It.:   80 ||Obj.:135.953397 ||objxPhy.:-377.297603 ||Vol.:  0.300 ||ch.: 54.000
 It.:   81 ||Obj.:135.923584 ||objxPhy.:-381.608145 ||Vol.:  0.300 ||ch.: 51.000
 It.:   82 ||Obj.:135.033042 ||objxPhy.:-378.322714 ||Vol.:  0.300 ||ch.: 46.000
 It.:   83 ||Obj.:136.341072 ||objxPhy.:-378.119122 ||Vol.:  0.300 ||ch.: 47.000
 It.:   84 ||Obj.:135.712420 ||objxPhy.:-379.695512 ||Vol.:  0.300 ||ch.: 48.000
 It.:   85 ||Obj.:141.301135 ||objxPhy.:-384.850630 ||Vol.:  0.300 ||ch.: 48.000
 It.:   86 ||Obj.:132.890361 ||objxPhy.:-381.902851 ||Vol.:  0.300 ||ch.: 45.000
 It.:   87 ||Obj.:141.865651 ||objxPhy.:-375.943325 ||Vol.:  0.300 ||ch.: 46.000
 It.:   88 ||Obj.:131.893712 ||objxPhy.:-379.280693 ||Vol.:  0.300 ||ch.: 40.000
 It.:   89 ||Obj.:142.308463 ||objxPhy.:-383.080100 ||Vol.:  0.300 ||ch.: 52.000
 It.:   90 ||Obj.:136.034540 ||objxPhy.:-381.731855 ||Vol.:  0.300 ||ch.: 51.000
 It.:   91 ||Obj.:139.285167 ||objxPhy.:-382.653999 ||Vol.:  0.300 ||ch.: 44.000
 It.:   92 ||Obj.:133.243361 ||objxPhy.:-377.120023 ||Vol.:  0.300 ||ch.: 48.000
 It.:   93 ||Obj.:140.050922 ||objxPhy.:-384.079886 ||Vol.:  0.300 ||ch.: 47.000
 It.:   94 ||Obj.:136.512475 ||objxPhy.:-380.107009 ||Vol.:  0.300 ||ch.: 56.000
 It.:   95 ||Obj.:139.960976 ||objxPhy.:-385.527619 ||Vol.:  0.300 ||ch.: 51.000
 It.:   96 ||Obj.:133.567232 ||objxPhy.:-381.635644 ||Vol.:  0.300 ||ch.: 42.000
 It.:   97 ||Obj.:139.248375 ||objxPhy.:-377.252996 ||Vol.:  0.300 ||ch.: 44.000
 It.:   98 ||Obj.:133.837579 ||objxPhy.:-382.567769 ||Vol.:  0.300 ||ch.: 47.000
 It.:   99 ||Obj.:139.176996 ||objxPhy.:-379.006961 ||Vol.:  0.300 ||ch.: 46.000
 It.:  100 ||Obj.:136.290863 ||objxPhy.:-383.010466 ||Vol.:  0.300 ||ch.: 44.000
 sharp interface energy:    6.738478
--------------------------------------
--------------------------------------
Displaying
bc:left_up_down_bdc_left_down_qin | objectfunc:right_down | Vforce:0.00000 | delta_x:0.01000 | volfrac:0.30000
Emin:66.66667 | E0:13333.33333 | gamma:0.000000 | tau:0.01000 | lambda:1.00000 | w:5.00000
 It.:    1 ||Obj.:185.886161 ||objxPhy.:-423.733955 ||Vol.:  0.300 ||ch.: 52.800
 It.:    2 ||Obj.:122.691114 ||objxPhy.:-356.391210 ||Vol.:  0.300 ||ch.: 48.000
 It.:    3 ||Obj.:123.379750 ||objxPhy.:-357.275691 ||Vol.:  0.300 ||ch.: 46.000
 It.:    4 ||Obj.:124.620784 ||objxPhy.:-359.372467 ||Vol.:  0.300 ||ch.: 42.000
 It.:    5 ||Obj.:125.788015 ||objxPhy.:-360.962877 ||Vol.:  0.300 ||ch.: 44.000
 It.:    6 ||Obj.:125.548197 ||objxPhy.:-359.730033 ||Vol.:  0.300 ||ch.: 48.000
 It.:    7 ||Obj.:125.543096 ||objxPhy.:-363.761330 ||Vol.:  0.300 ||ch.: 52.000
 It.:    8 ||Obj.:127.250580 ||objxPhy.:-361.424009 ||Vol.:  0.300 ||ch.: 42.000
 It.:    9 ||Obj.:125.485772 ||objxPhy.:-363.046541 ||Vol.:  0.300 ||ch.: 50.000
 It.:   10 ||Obj.:127.000016 ||objxPhy.:-361.005370 ||Vol.:  0.300 ||ch.: 46.000
 It.:   11 ||Obj.:125.839788 ||objxPhy.:-361.394857 ||Vol.:  0.300 ||ch.: 42.000
 It.:   12 ||Obj.:126.291119 ||objxPhy.:-363.137646 ||Vol.:  0.300 ||ch.: 44.000
 It.:   13 ||Obj.:125.989726 ||objxPhy.:-359.832085 ||Vol.:  0.300 ||ch.: 49.000
 It.:   14 ||Obj.:126.776613 ||objxPhy.:-363.205273 ||Vol.:  0.300 ||ch.: 46.000
 It.:   15 ||Obj.:126.391677 ||objxPhy.:-360.668292 ||Vol.:  0.300 ||ch.: 49.000
 It.:   16 ||Obj.:126.986359 ||objxPhy.:-362.644746 ||Vol.:  0.300 ||ch.: 43.000
 It.:   17 ||Obj.:126.793949 ||objxPhy.:-361.759508 ||Vol.:  0.300 ||ch.: 42.000
 It.:   18 ||Obj.:127.624046 ||objxPhy.:-364.142656 ||Vol.:  0.300 ||ch.: 47.000
 It.:   19 ||Obj.:125.799939 ||objxPhy.:-360.625822 ||Vol.:  0.300 ||ch.: 46.000
 It.:   20 ||Obj.:127.821955 ||objxPhy.:-363.973388 ||Vol.:  0.300 ||ch.: 43.000
 It.:   21 ||Obj.:126.509143 ||objxPhy.:-360.119237 ||Vol.:  0.300 ||ch.: 46.000
 It.:   22 ||Obj.:126.196648 ||objxPhy.:-360.672564 ||Vol.:  0.300 ||ch.: 44.000
 It.:   23 ||Obj.:127.522888 ||objxPhy.:-363.382444 ||Vol.:  0.300 ||ch.: 50.000
 It.:   24 ||Obj.:126.454436 ||objxPhy.:-360.310120 ||Vol.:  0.300 ||ch.: 37.000
 It.:   25 ||Obj.:126.659737 ||objxPhy.:-363.850779 ||Vol.:  0.300 ||ch.: 42.000
 It.:   26 ||Obj.:126.346689 ||objxPhy.:-362.670195 ||Vol.:  0.300 ||ch.: 45.000
 It.:   27 ||Obj.:128.029243 ||objxPhy.:-361.140121 ||Vol.:  0.300 ||ch.: 42.000
 It.:   28 ||Obj.:126.096237 ||objxPhy.:-361.832489 ||Vol.:  0.300 ||ch.: 45.000
 It.:   29 ||Obj.:126.581756 ||objxPhy.:-360.632457 ||Vol.:  0.300 ||ch.: 44.000
 It.:   30 ||Obj.:126.721327 ||objxPhy.:-359.701645 ||Vol.:  0.300 ||ch.: 39.000
 It.:   31 ||Obj.:126.511553 ||objxPhy.:-361.745632 ||Vol.:  0.300 ||ch.: 53.000
 It.:   32 ||Obj.:125.843937 ||objxPhy.:-360.336761 ||Vol.:  0.300 ||ch.: 40.000
 It.:   33 ||Obj.:128.198130 ||objxPhy.:-364.049653 ||Vol.:  0.300 ||ch.: 47.000
 It.:   34 ||Obj.:127.364146 ||objxPhy.:-360.310151 ||Vol.:  0.300 ||ch.: 42.000
 It.:   35 ||Obj.:126.872103 ||objxPhy.:-362.294283 ||Vol.:  0.300 ||ch.: 45.000
 It.:   36 ||Obj.:126.910387 ||objxPhy.:-359.795609 ||Vol.:  0.300 ||ch.: 43.000
 It.:   37 ||Obj.:126.905001 ||objxPhy.:-363.868983 ||Vol.:  0.300 ||ch.: 46.000
 It.:   38 ||Obj.:127.231647 ||objxPhy.:-359.939816 ||Vol.:  0.300 ||ch.: 36.000
 It.:   39 ||Obj.:126.372721 ||objxPhy.:-361.110274 ||Vol.:  0.300 ||ch.: 46.000
 It.:   40 ||Obj.:126.547513 ||objxPhy.:-360.862758 ||Vol.:  0.300 ||ch.: 51.000
 It.:   41 ||Obj.:126.341982 ||objxPhy.:-358.975405 ||Vol.:  0.300 ||ch.: 41.000
 It.:   42 ||Obj.:127.797255 ||objxPhy.:-363.977980 ||Vol.:  0.300 ||ch.: 45.000
 It.:   43 ||Obj.:126.524065 ||objxPhy.:-360.356563 ||Vol.:  0.300 ||ch.: 49.000
 It.:   44 ||Obj.:127.554473 ||objxPhy.:-361.616940 ||Vol.:  0.300 ||ch.: 43.000
 It.:   45 ||Obj.:126.123286 ||objxPhy.:-358.944601 ||Vol.:  0.300 ||ch.: 44.000
 It.:   46 ||Obj.:126.910032 ||objxPhy.:-359.949786 ||Vol.:  0.300 ||ch.: 41.000
 It.:   47 ||Obj.:126.243586 ||objxPhy.:-361.956092 ||Vol.:  0.300 ||ch.: 48.000
 It.:   48 ||Obj.:126.910857 ||objxPhy.:-358.578298 ||Vol.:  0.300 ||ch.: 48.000
 It.:   49 ||Obj.:126.552686 ||objxPhy.:-360.113542 ||Vol.:  0.300 ||ch.: 45.000
 It.:   50 ||Obj.:126.757840 ||objxPhy.:-361.228025 ||Vol.:  0.300 ||ch.: 43.000
 It.:   51 ||Obj.:127.329428 ||objxPhy.:-361.851816 ||Vol.:  0.300 ||ch.: 45.000
 It.:   52 ||Obj.:126.144447 ||objxPhy.:-359.085037 ||Vol.:  0.300 ||ch.: 43.000
 It.:   53 ||Obj.:126.528314 ||objxPhy.:-360.746266 ||Vol.:  0.300 ||ch.: 41.000
 It.:   54 ||Obj.:127.155718 ||objxPhy.:-360.107375 ||Vol.:  0.300 ||ch.: 41.000
 It.:   55 ||Obj.:126.725338 ||objxPhy.:-360.638664 ||Vol.:  0.300 ||ch.: 39.000
 It.:   56 ||Obj.:127.109727 ||objxPhy.:-360.704797 ||Vol.:  0.300 ||ch.: 44.000
 It.:   57 ||Obj.:126.575522 ||objxPhy.:-360.459744 ||Vol.:  0.300 ||ch.: 40.000
 It.:   58 ||Obj.:126.804724 ||objxPhy.:-359.918825 ||Vol.:  0.300 ||ch.: 44.000
 It.:   59 ||Obj.:126.586320 ||objxPhy.:-360.099696 ||Vol.:  0.300 ||ch.: 41.000
 It.:   60 ||Obj.:126.038854 ||objxPhy.:-360.349032 ||Vol.:  0.300 ||ch.: 41.000
 It.:   61 ||Obj.:126.924786 ||objxPhy.:-360.124790 ||Vol.:  0.300 ||ch.: 39.000
 It.:   62 ||Obj.:126.397791 ||objxPhy.:-360.402847 ||Vol.:  0.300 ||ch.: 47.000
 It.:   63 ||Obj.:126.653577 ||objxPhy.:-360.234060 ||Vol.:  0.300 ||ch.: 34.000
 It.:   64 ||Obj.:126.766382 ||objxPhy.:-362.209663 ||Vol.:  0.300 ||ch.: 40.000
 It.:   65 ||Obj.:126.986240 ||objxPhy.:-360.828561 ||Vol.:  0.300 ||ch.: 42.000
 It.:   66 ||Obj.:127.085729 ||objxPhy.:-360.515868 ||Vol.:  0.300 ||ch.: 37.000
 It.:   67 ||Obj.:126.044521 ||objxPhy.:-363.522043 ||Vol.:  0.300 ||ch.: 38.000
 It.:   68 ||Obj.:127.459460 ||objxPhy.:-358.424158 ||Vol.:  0.300 ||ch.: 41.000
 It.:   69 ||Obj.:125.727416 ||objxPhy.:-360.860741 ||Vol.:  0.300 ||ch.: 48.000
 It.:   70 ||Obj.:127.684504 ||objxPhy.:-359.613874 ||Vol.:  0.300 ||ch.: 45.000
 It.:   71 ||Obj.:125.846846 ||objxPhy.:-360.873251 ||Vol.:  0.300 ||ch.: 40.000
Displaying
bc:left_up_down_bdc_left_down_qin | objectfunc:right_down | Vforce:0.00000 | delta_x:0.01000 | volfrac:0.30000
Emin:66.66667 | E0:13333.33333 | gamma:0.000000 | tau:0.01000 | lambda:1.00000 | w:5.00000
 It.:    1 ||Obj.:187.434211 ||objxPhy.:-424.703866 ||Vol.:  0.300 ||ch.: 52.800
 It.:    2 ||Obj.:122.684019 ||objxPhy.:-355.566947 ||Vol.:  0.300 ||ch.: 52.000
 It.:    3 ||Obj.:124.648005 ||objxPhy.:-361.161032 ||Vol.:  0.300 ||ch.: 50.000
 It.:    4 ||Obj.:133.089636 ||objxPhy.:-389.317232 ||Vol.:  0.300 ||ch.: 49.000
 It.:    5 ||Obj.:156.581164 ||objxPhy.:-436.217838 ||Vol.:  0.300 ||ch.: 59.000
 It.:    6 ||Obj.:149.468984 ||objxPhy.:-405.795889 ||Vol.:  0.300 ||ch.: 48.000
 It.:    7 ||Obj.:139.887398 ||objxPhy.:-395.624167 ||Vol.:  0.300 ||ch.: 54.000
 It.:    8 ||Obj.:144.113308 ||objxPhy.:-391.500741 ||Vol.:  0.300 ||ch.: 56.000
 It.:    9 ||Obj.:142.207838 ||objxPhy.:-398.041134 ||Vol.:  0.300 ||ch.: 53.000
 It.:   10 ||Obj.:143.617379 ||objxPhy.:-395.092312 ||Vol.:  0.300 ||ch.: 49.000
 It.:   11 ||Obj.:139.232930 ||objxPhy.:-385.114138 ||Vol.:  0.300 ||ch.: 55.000
 It.:   12 ||Obj.:141.103063 ||objxPhy.:-387.902310 ||Vol.:  0.300 ||ch.: 50.000
 It.:   13 ||Obj.:140.520644 ||objxPhy.:-385.703225 ||Vol.:  0.300 ||ch.: 55.000
 It.:   14 ||Obj.:137.003880 ||objxPhy.:-383.275648 ||Vol.:  0.300 ||ch.: 45.000
 It.:   15 ||Obj.:141.549028 ||objxPhy.:-389.962003 ||Vol.:  0.300 ||ch.: 49.000
 It.:   16 ||Obj.:139.311692 ||objxPhy.:-382.599297 ||Vol.:  0.300 ||ch.: 47.000
 It.:   17 ||Obj.:136.264889 ||objxPhy.:-386.832482 ||Vol.:  0.300 ||ch.: 45.000
 It.:   18 ||Obj.:142.687478 ||objxPhy.:-391.459438 ||Vol.:  0.300 ||ch.: 52.000
 It.:   19 ||Obj.:136.977627 ||objxPhy.:-383.740993 ||Vol.:  0.300 ||ch.: 55.000
 It.:   20 ||Obj.:139.016689 ||objxPhy.:-381.396250 ||Vol.:  0.300 ||ch.: 46.000
 It.:   21 ||Obj.:142.880965 ||objxPhy.:-404.675739 ||Vol.:  0.300 ||ch.: 52.000
 It.:   22 ||Obj.:145.164090 ||objxPhy.:-391.615996 ||Vol.:  0.300 ||ch.: 56.000
 It.:   23 ||Obj.:135.947971 ||objxPhy.:-382.354880 ||Vol.:  0.300 ||ch.: 51.000
 It.:   24 ||Obj.:147.676048 ||objxPhy.:-390.391417 ||Vol.:  0.300 ||ch.: 47.000
 It.:   25 ||Obj.:137.117365 ||objxPhy.:-382.616295 ||Vol.:  0.300 ||ch.: 53.000
 It.:   26 ||Obj.:139.681148 ||objxPhy.:-380.223125 ||Vol.:  0.300 ||ch.: 45.000
 It.:   27 ||Obj.:140.051075 ||objxPhy.:-383.344539 ||Vol.:  0.300 ||ch.: 46.000
 It.:   28 ||Obj.:137.945614 ||objxPhy.:-377.463830 ||Vol.:  0.300 ||ch.: 45.000
 It.:   29 ||Obj.:141.322888 ||objxPhy.:-388.962882 ||Vol.:  0.300 ||ch.: 49.000
 It.:   30 ||Obj.:140.708645 ||objxPhy.:-379.512863 ||Vol.:  0.300 ||ch.: 47.000
 It.:   31 ||Obj.:141.620041 ||objxPhy.:-386.833961 ||Vol.:  0.300 ||ch.: 42.000
 It.:   32 ||Obj.:137.968145 ||objxPhy.:-383.522034 ||Vol.:  0.300 ||ch.: 49.000
 It.:   33 ||Obj.:142.983557 ||objxPhy.:-408.089582 ||Vol.:  0.300 ||ch.: 49.000
 It.:   34 ||Obj.:145.483645 ||objxPhy.:-396.368982 ||Vol.:  0.300 ||ch.: 52.000
 It.:   35 ||Obj.:137.868315 ||objxPhy.:-392.156322 ||Vol.:  0.300 ||ch.: 47.000
 It.:   36 ||Obj.:146.541792 ||objxPhy.:-389.276855 ||Vol.:  0.300 ||ch.: 44.000
 It.:   37 ||Obj.:134.557600 ||objxPhy.:-378.620970 ||Vol.:  0.300 ||ch.: 47.000
 It.:   38 ||Obj.:138.793523 ||objxPhy.:-386.096450 ||Vol.:  0.300 ||ch.: 47.000
 It.:   39 ||Obj.:134.755515 ||objxPhy.:-378.373088 ||Vol.:  0.300 ||ch.: 43.000
 It.:   40 ||Obj.:144.116292 ||objxPhy.:-398.047480 ||Vol.:  0.300 ||ch.: 53.000
 It.:   41 ||Obj.:138.219438 ||objxPhy.:-377.740084 ||Vol.:  0.300 ||ch.: 50.000
 It.:   42 ||Obj.:135.033000 ||objxPhy.:-385.918246 ||Vol.:  0.300 ||ch.: 52.000
 It.:   43 ||Obj.:145.212084 ||objxPhy.:-381.700106 ||Vol.:  0.300 ||ch.: 51.000
 It.:   44 ||Obj.:134.002536 ||objxPhy.:-382.974528 ||Vol.:  0.300 ||ch.: 51.000
 It.:   45 ||Obj.:145.269425 ||objxPhy.:-384.915290 ||Vol.:  0.300 ||ch.: 47.000
 It.:   46 ||Obj.:142.697616 ||objxPhy.:-392.289001 ||Vol.:  0.300 ||ch.: 46.000
 It.:   47 ||Obj.:135.734048 ||objxPhy.:-381.097983 ||Vol.:  0.300 ||ch.: 45.000
 It.:   48 ||Obj.:137.456746 ||objxPhy.:-383.205693 ||Vol.:  0.300 ||ch.: 48.000
 It.:   49 ||Obj.:137.153517 ||objxPhy.:-382.883511 ||Vol.:  0.300 ||ch.: 44.000
 It.:   50 ||Obj.:134.131246 ||objxPhy.:-376.701280 ||Vol.:  0.300 ||ch.: 49.000
 It.:   51 ||Obj.:139.045069 ||objxPhy.:-390.503455 ||Vol.:  0.300 ||ch.: 48.000
 It.:   52 ||Obj.:137.970637 ||objxPhy.:-382.753355 ||Vol.:  0.300 ||ch.: 46.000
 It.:   53 ||Obj.:138.693309 ||objxPhy.:-382.340243 ||Vol.:  0.300 ||ch.: 47.000
 It.:   54 ||Obj.:138.036322 ||objxPhy.:-391.515082 ||Vol.:  0.300 ||ch.: 50.000
 It.:   55 ||Obj.:150.850771 ||objxPhy.:-402.303689 ||Vol.:  0.300 ||ch.: 50.000
 It.:   56 ||Obj.:137.362580 ||objxPhy.:-379.733206 ||Vol.:  0.300 ||ch.: 47.000
 It.:   57 ||Obj.:138.918145 ||objxPhy.:-390.304822 ||Vol.:  0.300 ||ch.: 48.000
 It.:   58 ||Obj.:141.818509 ||objxPhy.:-379.747262 ||Vol.:  0.300 ||ch.: 47.000
 It.:   59 ||Obj.:137.592872 ||objxPhy.:-385.763686 ||Vol.:  0.300 ||ch.: 45.000
 It.:   60 ||Obj.:143.920134 ||objxPhy.:-379.350940 ||Vol.:  0.300 ||ch.: 41.000
 It.:   61 ||Obj.:135.139758 ||objxPhy.:-386.028792 ||Vol.:  0.300 ||ch.: 50.000
 It.:   62 ||Obj.:150.163018 ||objxPhy.:-389.474885 ||Vol.:  0.300 ||ch.: 52.000
 It.:   63 ||Obj.:136.868311 ||objxPhy.:-380.358018 ||Vol.:  0.300 ||ch.: 41.000
 It.:   64 ||Obj.:143.812454 ||objxPhy.:-389.135609 ||Vol.:  0.300 ||ch.: 45.000
 It.:   65 ||Obj.:140.047930 ||objxPhy.:-379.401573 ||Vol.:  0.300 ||ch.: 45.000
 It.:   66 ||Obj.:133.097241 ||objxPhy.:-378.356166 ||Vol.:  0.300 ||ch.: 44.000
 It.:   67 ||Obj.:139.009850 ||objxPhy.:-380.623168 ||Vol.:  0.300 ||ch.: 47.000
 It.:   68 ||Obj.:134.420362 ||objxPhy.:-379.527681 ||Vol.:  0.300 ||ch.: 48.000
 It.:   69 ||Obj.:137.282810 ||objxPhy.:-381.146399 ||Vol.:  0.300 ||ch.: 47.000
 It.:   70 ||Obj.:134.614605 ||objxPhy.:-383.280811 ||Vol.:  0.300 ||ch.: 47.000
 It.:   71 ||Obj.:144.252746 ||objxPhy.:-386.302325 ||Vol.:  0.300 ||ch.: 53.000
 It.:   72 ||Obj.:134.667859 ||objxPhy.:-377.364501 ||Vol.:  0.300 ||ch.: 47.000
 It.:   73 ||Obj.:138.296027 ||objxPhy.:-383.588285 ||Vol.:  0.300 ||ch.: 46.000
 It.:   74 ||Obj.:140.312501 ||objxPhy.:-392.995403 ||Vol.:  0.300 ||ch.: 48.000
 It.:   75 ||Obj.:145.134059 ||objxPhy.:-390.448794 ||Vol.:  0.300 ||ch.: 50.000
 It.:   76 ||Obj.:134.260065 ||objxPhy.:-376.474158 ||Vol.:  0.300 ||ch.: 47.000
 It.:   77 ||Obj.:138.147422 ||objxPhy.:-385.378741 ||Vol.:  0.300 ||ch.: 47.000
 It.:   78 ||Obj.:134.770757 ||objxPhy.:-375.351330 ||Vol.:  0.300 ||ch.: 44.000
 It.:   79 ||Obj.:134.519369 ||objxPhy.:-378.559927 ||Vol.:  0.300 ||ch.: 48.000
 It.:   80 ||Obj.:139.225657 ||objxPhy.:-385.454676 ||Vol.:  0.300 ||ch.: 39.000
 It.:   81 ||Obj.:138.675446 ||objxPhy.:-383.846662 ||Vol.:  0.300 ||ch.: 52.000
 It.:   82 ||Obj.:141.508479 ||objxPhy.:-377.620840 ||Vol.:  0.300 ||ch.: 40.000
 It.:   83 ||Obj.:132.651303 ||objxPhy.:-382.132230 ||Vol.:  0.300 ||ch.: 46.000
 It.:   84 ||Obj.:147.193111 ||objxPhy.:-389.019879 ||Vol.:  0.300 ||ch.: 50.000
 It.:   85 ||Obj.:135.431550 ||objxPhy.:-379.805541 ||Vol.:  0.300 ||ch.: 45.000
 It.:   86 ||Obj.:138.063429 ||objxPhy.:-380.139658 ||Vol.:  0.300 ||ch.: 46.000
 It.:   87 ||Obj.:132.429537 ||objxPhy.:-377.210984 ||Vol.:  0.300 ||ch.: 44.000
 It.:   88 ||Obj.:140.866686 ||objxPhy.:-380.244651 ||Vol.:  0.300 ||ch.: 48.000
 It.:   89 ||Obj.:134.489399 ||objxPhy.:-386.887409 ||Vol.:  0.300 ||ch.: 44.000
 It.:   90 ||Obj.:151.145584 ||objxPhy.:-398.105223 ||Vol.:  0.300 ||ch.: 53.000
 It.:   91 ||Obj.:140.321326 ||objxPhy.:-388.298944 ||Vol.:  0.300 ||ch.: 43.000
 It.:   92 ||Obj.:140.048874 ||objxPhy.:-385.865232 ||Vol.:  0.300 ||ch.: 51.000
 It.:   93 ||Obj.:135.271921 ||objxPhy.:-385.418657 ||Vol.:  0.300 ||ch.: 44.000
 It.:   94 ||Obj.:141.938543 ||objxPhy.:-381.158495 ||Vol.:  0.300 ||ch.: 42.000
 It.:   95 ||Obj.:137.561466 ||objxPhy.:-384.552810 ||Vol.:  0.300 ||ch.: 44.000
 It.:   96 ||Obj.:139.965486 ||objxPhy.:-384.823047 ||Vol.:  0.300 ||ch.: 47.000
 It.:   97 ||Obj.:138.332951 ||objxPhy.:-386.955839 ||Vol.:  0.300 ||ch.: 46.000
 It.:   98 ||Obj.:142.774368 ||objxPhy.:-381.194865 ||Vol.:  0.300 ||ch.: 46.000
 It.:   99 ||Obj.:138.748664 ||objxPhy.:-399.807852 ||Vol.:  0.300 ||ch.: 45.000
 It.:  100 ||Obj.:144.104806 ||objxPhy.:-392.926475 ||Vol.:  0.300 ||ch.: 46.000
 sharp interface energy:    9.089675
--------------------------------------
--------------------------------------
Displaying
bc:left_up_down_bdc_left_down_qin | objectfunc:right_down | Vforce:0.00000 | delta_x:0.01000 | volfrac:0.30000
Emin:66.66667 | E0:13333.33333 | gamma:0.000000 | tau:0.01000 | lambda:1.00000 | w:5.00000
 It.:    1 ||Obj.:197.534619 ||objxPhy.:-431.139392 ||Vol.:  0.300 ||ch.: 52.800
 It.:    2 ||Obj.:123.087874 ||objxPhy.:-358.940551 ||Vol.:  0.300 ||ch.:  2.000
 It.:    3 ||Obj.:123.064552 ||objxPhy.:-358.911841 ||Vol.:  0.300 ||ch.:  2.000
 It.:    4 ||Obj.:123.049945 ||objxPhy.:-358.887918 ||Vol.:  0.300 ||ch.:  1.000
 It.:    5 ||Obj.:123.039115 ||objxPhy.:-358.853603 ||Vol.:  0.300 ||ch.:  2.000
 It.:    6 ||Obj.:123.030166 ||objxPhy.:-358.807049 ||Vol.:  0.300 ||ch.:  1.000
 It.:    7 ||Obj.:123.022859 ||objxPhy.:-358.759879 ||Vol.:  0.300 ||ch.:  1.000
 It.:    8 ||Obj.:123.016869 ||objxPhy.:-358.722624 ||Vol.:  0.300 ||ch.:  1.000
 It.:    9 ||Obj.:123.012204 ||objxPhy.:-358.693079 ||Vol.:  0.300 ||ch.:  1.000
 It.:   10 ||Obj.:123.006436 ||objxPhy.:-358.657473 ||Vol.:  0.300 ||ch.:  1.000
 It.:   11 ||Obj.:123.002511 ||objxPhy.:-358.627811 ||Vol.:  0.300 ||ch.:  1.000
 It.:   12 ||Obj.:122.999543 ||objxPhy.:-358.610655 ||Vol.:  0.300 ||ch.:  1.000
 It.:   13 ||Obj.:122.997056 ||objxPhy.:-358.591453 ||Vol.:  0.300 ||ch.:  1.000
 It.:   14 ||Obj.:122.995365 ||objxPhy.:-358.580788 ||Vol.:  0.300 ||ch.:  1.000
 It.:   15 ||Obj.:122.994735 ||objxPhy.:-358.579631 ||Vol.:  0.300 ||ch.:  0.000
 sharp interface energy:   16.199649
--------------------------------------
--------------------------------------
Displaying
bc:left_up_down_bdc_left_down_qin | objectfunc:right_down | Vforce:0.00000 | delta_x:0.01000 | volfrac:0.30000
Emin:66.66667 | E0:13333.33333 | gamma:0.000000 | tau:0.01000 | lambda:1.00000 | w:5.00000
 It.:    1 ||Obj.:194.292463 ||objxPhy.:-429.411819 ||Vol.:  0.300 ||ch.: 52.800
 It.:    2 ||Obj.:123.022228 ||objxPhy.:-358.750599 ||Vol.:  0.300 ||ch.:  2.000
 It.:    3 ||Obj.:122.994699 ||objxPhy.:-358.698432 ||Vol.:  0.300 ||ch.:  2.000
 It.:    4 ||Obj.:122.974271 ||objxPhy.:-358.648141 ||Vol.:  0.300 ||ch.:  1.000
 It.:    5 ||Obj.:122.961108 ||objxPhy.:-358.604602 ||Vol.:  0.300 ||ch.:  1.000
 It.:    6 ||Obj.:122.951526 ||objxPhy.:-358.552507 ||Vol.:  0.300 ||ch.:  1.000
 It.:    7 ||Obj.:122.942225 ||objxPhy.:-358.497731 ||Vol.:  0.300 ||ch.:  1.000
 It.:    8 ||Obj.:122.935132 ||objxPhy.:-358.454691 ||Vol.:  0.300 ||ch.:  1.000
 It.:    9 ||Obj.:122.929555 ||objxPhy.:-358.421365 ||Vol.:  0.300 ||ch.:  1.000
 It.:   10 ||Obj.:122.924546 ||objxPhy.:-358.383071 ||Vol.:  0.300 ||ch.:  1.000
 It.:   11 ||Obj.:122.920563 ||objxPhy.:-358.347838 ||Vol.:  0.300 ||ch.:  1.000
 It.:   12 ||Obj.:122.917327 ||objxPhy.:-358.318240 ||Vol.:  0.300 ||ch.:  1.000
 It.:   13 ||Obj.:122.913344 ||objxPhy.:-358.282296 ||Vol.:  0.300 ||ch.:  1.000
 It.:   14 ||Obj.:122.910012 ||objxPhy.:-358.255245 ||Vol.:  0.300 ||ch.:  1.000
 It.:   15 ||Obj.:122.907867 ||objxPhy.:-358.236491 ||Vol.:  0.300 ||ch.:  1.000
 It.:   16 ||Obj.:122.906408 ||objxPhy.:-358.226744 ||Vol.:  0.300 ||ch.:  1.000
 It.:   17 ||Obj.:122.905838 ||objxPhy.:-358.223685 ||Vol.:  0.300 ||ch.:  1.000
 It.:   18 ||Obj.:122.905291 ||objxPhy.:-358.226018 ||Vol.:  0.300 ||ch.:  1.000
 It.:   19 ||Obj.:122.904735 ||objxPhy.:-358.229318 ||Vol.:  0.300 ||ch.:  0.000
 sharp interface energy:   16.036125
--------------------------------------
--------------------------------------

