Displaying
bc:left_up_down_bdc_left_down_qin | objectfunc:right_down | Vforce:0.00000 | delta_x:0.01000 | volfrac:0.30000
Emin:13.33333 | E0:13333.33333 | gamma:0.000000 | tau:0.01000 | lambda:100.00000 | w:5.00000
 It.:    1 ||Obj.:366.697238 ||objxPhy.:59730.238232 ||Vol.:  0.300 ||ch.: 50.400
 It.:    2 ||Obj.: 82.130974 ||objxPhy.:-21296.130222 ||Vol.:  0.300 ||ch.: 38.000
 It.:    3 ||Obj.: 50.377736 ||objxPhy.:-2818.693522 ||Vol.:  0.300 ||ch.: 25.000
 It.:    4 ||Obj.: 14.696270 ||objxPhy.:-307.505701 ||Vol.:  0.300 ||ch.: 27.000
 It.:    5 ||Obj.: 10.526473 ||objxPhy.:-1561.850178 ||Vol.:  0.300 ||ch.: 18.000
 It.:    6 ||Obj.:  8.657379 ||objxPhy.:-1477.251090 ||Vol.:  0.300 ||ch.: 17.000
 It.:    7 ||Obj.:  7.112755 ||objxPhy.:-1201.689104 ||Vol.:  0.300 ||ch.: 19.000
 It.:    8 ||Obj.:  2.368604 ||objxPhy.:-725.839828 ||Vol.:  0.300 ||ch.:  6.000
 It.:    9 ||Obj.:  1.885325 ||objxPhy.:-629.978346 ||Vol.:  0.300 ||ch.:  7.000
 It.:   10 ||Obj.:  1.754566 ||objxPhy.:-602.636469 ||Vol.:  0.300 ||ch.:  3.000
 It.:   11 ||Obj.:  1.671429 ||objxPhy.:-585.731390 ||Vol.:  0.300 ||ch.:  2.000
 It.:   12 ||Obj.:  1.620622 ||objxPhy.:-575.278935 ||Vol.:  0.300 ||ch.:  2.000
 It.:   13 ||Obj.:  1.577818 ||objxPhy.:-566.442976 ||Vol.:  0.300 ||ch.:  2.000
 It.:   14 ||Obj.:  1.545964 ||objxPhy.:-559.959023 ||Vol.:  0.300 ||ch.:  2.000
 It.:   15 ||Obj.:  1.516639 ||objxPhy.:-553.633559 ||Vol.:  0.300 ||ch.:  2.000
 It.:   16 ||Obj.:  1.492900 ||objxPhy.:-547.611875 ||Vol.:  0.300 ||ch.:  2.000
 It.:   17 ||Obj.:  1.475902 ||objxPhy.:-542.999787 ||Vol.:  0.300 ||ch.:  2.000
 It.:   18 ||Obj.:  1.461079 ||objxPhy.:-540.084934 ||Vol.:  0.300 ||ch.:  1.000
 It.:   19 ||Obj.:  1.454404 ||objxPhy.:-538.709287 ||Vol.:  0.300 ||ch.:  1.000
 It.:   20 ||Obj.:  1.450304 ||objxPhy.:-537.919020 ||Vol.:  0.300 ||ch.:  1.000
 It.:   21 ||Obj.:  1.448431 ||objxPhy.:-537.438801 ||Vol.:  0.300 ||ch.:  1.000
 It.:   22 ||Obj.:  1.446850 ||objxPhy.:-537.120504 ||Vol.:  0.300 ||ch.:  1.000
 It.:   23 ||Obj.:  1.444884 ||objxPhy.:-536.781436 ||Vol.:  0.300 ||ch.:  1.000
 It.:   24 ||Obj.:  1.443744 ||objxPhy.:-536.619169 ||Vol.:  0.300 ||ch.:  1.000
 It.:   25 ||Obj.:  1.442587 ||objxPhy.:-536.467382 ||Vol.:  0.300 ||ch.:  1.000
 It.:   26 ||Obj.:  1.441502 ||objxPhy.:-536.306365 ||Vol.:  0.300 ||ch.:  1.000
 It.:   27 ||Obj.:  1.439653 ||objxPhy.:-536.005820 ||Vol.:  0.300 ||ch.:  0.000
 sharp interface energy:    1.093835
--------------------------------------
--------------------------------------
Displaying
bc:left_up_down_bdc_left_down_qin | objectfunc:right_down | Vforce:0.00000 | delta_x:0.01000 | volfrac:0.30000
Emin:13.33333 | E0:13333.33333 | gamma:0.000000 | tau:0.01000 | lambda:100.00000 | w:5.00000
 It.:    1 ||Obj.:  1.439653 ||objxPhy.:-536.006061 ||Vol.:  0.300 ||ch.:  0.000
 sharp interface energy:    1.093835
--------------------------------------
--------------------------------------
Displaying
bc:left_up_down_bdc_left_down_qin | objectfunc:right_down | Vforce:0.00000 | delta_x:0.01000 | volfrac:0.30000
Emin:13.33333 | E0:13333.33333 | gamma:0.000000 | tau:0.01000 | lambda:100.00000 | w:5.00000
 It.:    1 ||Obj.:  1.439653 ||objxPhy.:-536.006061 ||Vol.:  0.300 ||ch.:  0.000
 sharp interface energy:    1.093835
--------------------------------------
--------------------------------------
Displaying
bc:left_up_down_bdc_left_down_qin | objectfunc:right_down | Vforce:0.00000 | delta_x:0.01000 | volfrac:0.30000
Emin:13.33333 | E0:13333.33333 | gamma:0.000000 | tau:0.01000 | lambda:100.00000 | w:5.00000
 It.:    1 ||Obj.:  1.439653 ||objxPhy.:-536.006061 ||Vol.:  0.300 ||ch.:  0.000
 sharp interface energy:    1.093835
--------------------------------------
--------------------------------------
