Displaying
bc:left_up_down_bdc_left_down_qin | objectfunc:right_down | Vforce:0.00000 | delta_x:0.01000 | volfrac:0.30000
Emin:26.66667 | E0:13333.33333 | gamma:0.000000 | tau:0.01000 | lambda:1.00000 | w:5.00000 | gamma1:3.00000 | gamma2:1.50000
 It.:    1 ||Obj.: 40.797619 ||Vol.:  0.300 ||ch.: 52.800 ||r.:10000.000 
 It.:    2 ||Obj.: 33.306614 ||Vol.:  0.300 ||ch.: 27.000 ||r.:10000.000 
 It.:    3 ||Obj.: 22.161585 ||Vol.:  0.300 ||ch.: 18.000 ||r.:10000.000 
 It.:    4 ||Obj.:  6.324206 ||Vol.:  0.300 ||ch.: 24.000 ||r.:10000.000 
 It.:    5 ||Obj.:  1.643878 ||Vol.:  0.300 ||ch.: 25.000 ||r.:10000.000 
 It.:    6 ||Obj.:  1.104911 ||Vol.:  0.300 ||ch.: 19.000 ||r.:10000.000 
 It.:   22 ||Obj.:  1.041443 ||Vol.:  0.300 ||ch.: 10.000 ||r.: 22.837 
 It.:   23 ||Obj.:  0.892648 ||Vol.:  0.300 ||ch.:  6.000 ||r.: 22.837 
 It.:   24 ||Obj.:  0.774099 ||Vol.:  0.300 ||ch.:  4.000 ||r.: 22.837 
 It.:   25 ||Obj.:  0.719395 ||Vol.:  0.300 ||ch.:  3.000 ||r.: 22.837 
 It.:   26 ||Obj.:  0.689539 ||Vol.:  0.300 ||ch.:  4.000 ||r.: 22.837 
 It.:   27 ||Obj.:  0.650036 ||Vol.:  0.300 ||ch.:  3.000 ||r.: 22.837 
 It.:   28 ||Obj.:  0.632207 ||Vol.:  0.300 ||ch.:  4.000 ||r.: 22.837 
 It.:   29 ||Obj.:  0.596325 ||Vol.:  0.300 ||ch.:  3.000 ||r.: 22.837 
 sharp interface energy:    0.628994
--------------------------------------
--------------------------------------
